Terminals unused in grammar

   LXORW
   LRETT
   LFLUSH
   LMOVEM
   LMOVFL


Grammar

    0 $accept: prog $end

    1 prog: /* empty */
    2     | prog line

    3 $@1: /* empty */

    4 line: LLAB ':' $@1 line

    5 $@2: /* empty */

    6 line: LNAME ':' $@2 line
    7     | LNAME '=' expr ';'
    8     | LVAR '=' expr ';'
    9     | LSCHED ';'
   10     | ';'
   11     | inst ';'
   12     | error ';'

   13 inst: LMOVW rreg ',' rreg
   14     | LMOVW addr ',' rreg
   15     | LMOVW regaddr ',' rreg
   16     | LMOVB rreg ',' rreg
   17     | LMOVB addr ',' rreg
   18     | LMOVB regaddr ',' rreg
   19     | LFMOV addr ',' freg
   20     | LFMOV regaddr ',' freg
   21     | LFMOV fimm ',' freg
   22     | LFMOV freg ',' freg
   23     | LFMOV freg ',' addr
   24     | LFMOV freg ',' regaddr
   25     | LMOVW rreg ',' addr
   26     | LMOVW rreg ',' regaddr
   27     | LMOVB rreg ',' addr
   28     | LMOVB rreg ',' regaddr
   29     | LMOVW freg ',' addr
   30     | LMOVW freg ',' regaddr
   31     | LMOVW fpscr ',' freg
   32     | LMOVW freg ',' fpscr
   33     | LMOVW freg ',' imm ',' fpscr
   34     | LMOVW fpscr ',' creg
   35     | LMOVW imm ',' fpscrf
   36     | LMTFSB imm ',' con
   37     | LMOVW rreg ',' imm ',' lcr
   38     | LMOVW rreg ',' creg
   39     | LMOVW rreg ',' lcr
   40     | LADDW rreg ',' sreg ',' rreg
   41     | LADDW imm ',' sreg ',' rreg
   42     | LADDW rreg ',' imm ',' rreg
   43     | LADDW rreg ',' rreg
   44     | LADDW imm ',' rreg
   45     | LLOGW rreg ',' sreg ',' rreg
   46     | LLOGW rreg ',' rreg
   47     | LSHW rreg ',' sreg ',' rreg
   48     | LSHW rreg ',' rreg
   49     | LSHW imm ',' sreg ',' rreg
   50     | LSHW imm ',' rreg
   51     | LABS rreg ',' rreg
   52     | LABS rreg
   53     | LMA rreg ',' sreg ',' rreg
   54     | LMOVW imm ',' rreg
   55     | LMOVW ximm ',' rreg
   56     | LCROP cbit ',' cbit
   57     | LCROP cbit ',' con ',' cbit
   58     | LMOVW creg ',' creg
   59     | LMOVW psr ',' creg
   60     | LMOVW lcr ',' rreg
   61     | LMOVW psr ',' rreg
   62     | LMOVW seg ',' rreg
   63     | LMOVW rreg ',' seg
   64     | LMOVW xlreg ',' rreg
   65     | LMOVW rreg ',' xlreg
   66     | LMOVW creg ',' psr
   67     | LMOVW rreg ',' psr
   68     | LBRA rel
   69     | LBRA addr
   70     | LBRA '(' xlreg ')'
   71     | LBRA ',' rel
   72     | LBRA ',' addr
   73     | LBRA ',' '(' xlreg ')'
   74     | LBRA creg ',' rel
   75     | LBRA creg ',' addr
   76     | LBRA creg ',' '(' xlreg ')'
   77     | LBRA con ',' rel
   78     | LBRA con ',' addr
   79     | LBRA con ',' '(' xlreg ')'
   80     | LBRA con ',' con ',' rel
   81     | LBRA con ',' con ',' addr
   82     | LBRA con ',' con ',' '(' xlreg ')'
   83     | LTRAP rreg ',' sreg
   84     | LTRAP imm ',' sreg
   85     | LTRAP rreg comma
   86     | LTRAP comma
   87     | LFCONV freg ',' freg
   88     | LFADD freg ',' freg
   89     | LFADD freg ',' freg ',' freg
   90     | LFMA freg ',' freg ',' freg ',' freg
   91     | LFCMP freg ',' freg
   92     | LFCMP freg ',' freg ',' creg
   93     | LCMP rreg ',' rreg
   94     | LCMP rreg ',' imm
   95     | LCMP rreg ',' rreg ',' creg
   96     | LCMP rreg ',' imm ',' creg
   97     | LRLWM imm ',' rreg ',' imm ',' rreg
   98     | LRLWM imm ',' rreg ',' mask ',' rreg
   99     | LRLWM rreg ',' rreg ',' imm ',' rreg
  100     | LRLWM rreg ',' rreg ',' mask ',' rreg
  101     | LMOVMW addr ',' rreg
  102     | LMOVMW rreg ',' addr
  103     | LXLD regaddr ',' rreg
  104     | LXLD regaddr ',' imm ',' rreg
  105     | LXST rreg ',' regaddr
  106     | LXST rreg ',' imm ',' regaddr
  107     | LXMV regaddr ',' rreg
  108     | LXMV rreg ',' regaddr
  109     | LXOP regaddr
  110     | LNOP comma
  111     | LNOP rreg comma
  112     | LNOP freg comma
  113     | LNOP ',' rreg
  114     | LNOP ',' freg
  115     | LWORD imm comma
  116     | LWORD ximm comma
  117     | LEND comma
  118     | LTEXT name ',' imm
  119     | LTEXT name ',' con ',' imm
  120     | LTEXT name ',' imm ':' imm
  121     | LTEXT name ',' con ',' imm ':' imm
  122     | LDATA name '/' con ',' imm
  123     | LDATA name '/' con ',' ximm
  124     | LDATA name '/' con ',' fimm
  125     | LRETRN comma

  126 rel: con '(' LPC ')'
  127    | LNAME offset
  128    | LLAB offset

  129 rreg: sreg

  130 xlreg: lr
  131      | ctr

  132 lr: LLR

  133 lcr: LCR

  134 ctr: LCTR

  135 msr: LMSR

  136 psr: LSPREG
  137    | LSPR '(' con ')'
  138    | msr

  139 seg: LSEG '(' con ')'
  140    | LSEG '(' sreg ')'

  141 fpscr: LFPSCR

  142 fpscrf: LFPSCR '(' con ')'

  143 freg: LFREG
  144     | LF '(' con ')'

  145 creg: LCREG
  146     | LCR '(' con ')'

  147 cbit: con

  148 mask: con ',' con

  149 ximm: '$' addr
  150     | '$' LSCONST

  151 fimm: '$' LFCONST
  152     | '$' '-' LFCONST

  153 imm: '$' con

  154 sreg: LREG
  155     | LR '(' con ')'

  156 regaddr: '(' sreg ')'
  157        | '(' sreg '+' sreg ')'

  158 addr: name
  159     | con '(' sreg ')'

  160 name: con '(' pointer ')'
  161     | LNAME offset '(' pointer ')'
  162     | LNAME '<' '>' offset '(' LSB ')'

  163 comma: /* empty */
  164      | ','

  165 offset: /* empty */
  166       | '+' con
  167       | '-' con

  168 pointer: LSB
  169        | LSP
  170        | LFP

  171 con: LCONST
  172    | LVAR
  173    | '-' con
  174    | '+' con
  175    | '~' con
  176    | '(' expr ')'

  177 expr: con
  178     | expr '+' expr
  179     | expr '-' expr
  180     | expr '*' expr
  181     | expr '/' expr
  182     | expr '%' expr
  183     | expr '<' '<' expr
  184     | expr '>' '>' expr
  185     | expr '&' expr
  186     | expr '^' expr
  187     | expr '|' expr


Terminals, with rules where they appear

$end (0) 0
'$' (36) 149 150 151 152 153
'%' (37) 182
'&' (38) 185
'(' (40) 70 73 76 79 82 126 137 139 140 142 144 146 155 156 157 159
    160 161 162 176
')' (41) 70 73 76 79 82 126 137 139 140 142 144 146 155 156 157 159
    160 161 162 176
'*' (42) 180
'+' (43) 157 166 174 178
',' (44) 13 14 15 16 17 18 19 20 21 22 23 24 25 26 27 28 29 30 31 32
    33 34 35 36 37 38 39 40 41 42 43 44 45 46 47 48 49 50 51 53 54
    55 56 57 58 59 60 61 62 63 64 65 66 67 71 72 73 74 75 76 77 78
    79 80 81 82 83 84 87 88 89 90 91 92 93 94 95 96 97 98 99 100 101
    102 103 104 105 106 107 108 113 114 118 119 120 121 122 123 124
    148 164
'-' (45) 152 167 173 179
'/' (47) 122 123 124 181
':' (58) 4 6 120 121
';' (59) 7 8 9 10 11 12
'<' (60) 162 183
'=' (61) 7 8
'>' (62) 162 184
'^' (94) 186
'|' (124) 187
'~' (126) 175
error (256) 12
LMOVW (258) 13 14 15 25 26 29 30 31 32 33 34 35 37 38 39 54 55 58 59
    60 61 62 63 64 65 66 67
LMOVB (259) 16 17 18 27 28
LABS (260) 51 52
LLOGW (261) 45 46
LSHW (262) 47 48 49 50
LADDW (263) 40 41 42 43 44
LCMP (264) 93 94 95 96
LCROP (265) 56 57
LBRA (266) 68 69 70 71 72 73 74 75 76 77 78 79 80 81 82
LFMOV (267) 19 20 21 22 23 24
LFCONV (268) 87
LFCMP (269) 91 92
LFADD (270) 88 89
LFMA (271) 90
LTRAP (272) 83 84 85 86
LXORW (273)
LNOP (274) 110 111 112 113 114
LEND (275) 117
LRETT (276)
LWORD (277) 115 116
LTEXT (278) 118 119 120 121
LDATA (279) 122 123 124
LRETRN (280) 125
LCONST (281) 171
LSP (282) 169
LSB (283) 162 168
LFP (284) 170
LPC (285) 126
LCREG (286) 145
LFLUSH (287)
LREG (288) 154
LFREG (289) 143
LR (290) 155
LCR (291) 133 146
LF (292) 144
LFPSCR (293) 141 142
LLR (294) 132
LCTR (295) 134
LSPR (296) 137
LSPREG (297) 136
LSEG (298) 139 140
LMSR (299) 135
LSCHED (300) 9
LXLD (301) 103 104
LXST (302) 105 106
LXOP (303) 109
LXMV (304) 107 108
LRLWM (305) 97 98 99 100
LMOVMW (306) 101 102
LMOVEM (307)
LMOVFL (308)
LMTFSB (309) 36
LMA (310) 53
LFCONST (311) 151 152
LSCONST (312) 150
LNAME (313) 6 7 127 161 162
LLAB (314) 4 128
LVAR (315) 8 172


Nonterminals, with rules where they appear

$accept (79)
    on left: 0
prog (80)
    on left: 1 2, on right: 0 2
line (81)
    on left: 4 6 7 8 9 10 11 12, on right: 2 4 6
$@1 (82)
    on left: 3, on right: 4
$@2 (83)
    on left: 5, on right: 6
inst (84)
    on left: 13 14 15 16 17 18 19 20 21 22 23 24 25 26 27 28 29 30
    31 32 33 34 35 36 37 38 39 40 41 42 43 44 45 46 47 48 49 50 51
    52 53 54 55 56 57 58 59 60 61 62 63 64 65 66 67 68 69 70 71 72
    73 74 75 76 77 78 79 80 81 82 83 84 85 86 87 88 89 90 91 92 93
    94 95 96 97 98 99 100 101 102 103 104 105 106 107 108 109 110 111
    112 113 114 115 116 117 118 119 120 121 122 123 124 125, on right:
    11
rel (85)
    on left: 126 127 128, on right: 68 71 74 77 80
rreg (86)
    on left: 129, on right: 13 14 15 16 17 18 25 26 27 28 37 38 39
    40 41 42 43 44 45 46 47 48 49 50 51 52 53 54 55 60 61 62 63 64
    65 67 83 85 93 94 95 96 97 98 99 100 101 102 103 104 105 106 107
    108 111 113
xlreg (87)
    on left: 130 131, on right: 64 65 70 73 76 79 82
lr (88)
    on left: 132, on right: 130
lcr (89)
    on left: 133, on right: 37 39 60
ctr (90)
    on left: 134, on right: 131
msr (91)
    on left: 135, on right: 138
psr (92)
    on left: 136 137 138, on right: 59 61 66 67
seg (93)
    on left: 139 140, on right: 62 63
fpscr (94)
    on left: 141, on right: 31 32 33 34
fpscrf (95)
    on left: 142, on right: 35
freg (96)
    on left: 143 144, on right: 19 20 21 22 23 24 29 30 31 32 33 87
    88 89 90 91 92 112 114
creg (97)
    on left: 145 146, on right: 34 38 58 59 66 74 75 76 92 95 96
cbit (98)
    on left: 147, on right: 56 57
mask (99)
    on left: 148, on right: 98 100
ximm (100)
    on left: 149 150, on right: 55 116 123
fimm (101)
    on left: 151 152, on right: 21 124
imm (102)
    on left: 153, on right: 33 35 36 37 41 42 44 49 50 54 84 94 96
    97 98 99 104 106 115 118 119 120 121 122
sreg (103)
    on left: 154 155, on right: 40 41 45 47 49 53 83 84 129 140 156
    157 159
regaddr (104)
    on left: 156 157, on right: 15 18 20 24 26 28 30 103 104 105 106
    107 108 109
addr (105)
    on left: 158 159, on right: 14 17 19 23 25 27 29 69 72 75 78 81
    101 102 149
name (106)
    on left: 160 161 162, on right: 118 119 120 121 122 123 124 158
comma (107)
    on left: 163 164, on right: 85 86 110 111 112 115 116 117 125
offset (108)
    on left: 165 166 167, on right: 127 128 161 162
pointer (109)
    on left: 168 169 170, on right: 160 161
con (110)
    on left: 171 172 173 174 175 176, on right: 36 57 77 78 79 80 81
    82 119 121 122 123 124 126 137 139 142 144 146 147 148 153 155
    159 160 166 167 173 174 175 177
expr (111)
    on left: 177 178 179 180 181 182 183 184 185 186 187, on right:
    7 8 176 178 179 180 181 182 183 184 185 186 187


state 0

    0 $accept: . prog $end

    $default  reduce using rule 1 (prog)

    prog  go to state 1


state 1

    0 $accept: prog . $end
    2 prog: prog . line

    $end    shift, and go to state 2
    error   shift, and go to state 3
    LMOVW   shift, and go to state 4
    LMOVB   shift, and go to state 5
    LABS    shift, and go to state 6
    LLOGW   shift, and go to state 7
    LSHW    shift, and go to state 8
    LADDW   shift, and go to state 9
    LCMP    shift, and go to state 10
    LCROP   shift, and go to state 11
    LBRA    shift, and go to state 12
    LFMOV   shift, and go to state 13
    LFCONV  shift, and go to state 14
    LFCMP   shift, and go to state 15
    LFADD   shift, and go to state 16
    LFMA    shift, and go to state 17
    LTRAP   shift, and go to state 18
    LNOP    shift, and go to state 19
    LEND    shift, and go to state 20
    LWORD   shift, and go to state 21
    LTEXT   shift, and go to state 22
    LDATA   shift, and go to state 23
    LRETRN  shift, and go to state 24
    LSCHED  shift, and go to state 25
    LXLD    shift, and go to state 26
    LXST    shift, and go to state 27
    LXOP    shift, and go to state 28
    LXMV    shift, and go to state 29
    LRLWM   shift, and go to state 30
    LMOVMW  shift, and go to state 31
    LMTFSB  shift, and go to state 32
    LMA     shift, and go to state 33
    LNAME   shift, and go to state 34
    LLAB    shift, and go to state 35
    LVAR    shift, and go to state 36
    ';'     shift, and go to state 37

    line  go to state 38
    inst  go to state 39


state 2

    0 $accept: prog $end .

    $default  accept


state 3

   12 line: error . ';'

    ';'  shift, and go to state 40


state 4

   13 inst: LMOVW . rreg ',' rreg
   14     | LMOVW . addr ',' rreg
   15     | LMOVW . regaddr ',' rreg
   25     | LMOVW . rreg ',' addr
   26     | LMOVW . rreg ',' regaddr
   29     | LMOVW . freg ',' addr
   30     | LMOVW . freg ',' regaddr
   31     | LMOVW . fpscr ',' freg
   32     | LMOVW . freg ',' fpscr
   33     | LMOVW . freg ',' imm ',' fpscr
   34     | LMOVW . fpscr ',' creg
   35     | LMOVW . imm ',' fpscrf
   37     | LMOVW . rreg ',' imm ',' lcr
   38     | LMOVW . rreg ',' creg
   39     | LMOVW . rreg ',' lcr
   54     | LMOVW . imm ',' rreg
   55     | LMOVW . ximm ',' rreg
   58     | LMOVW . creg ',' creg
   59     | LMOVW . psr ',' creg
   60     | LMOVW . lcr ',' rreg
   61     | LMOVW . psr ',' rreg
   62     | LMOVW . seg ',' rreg
   63     | LMOVW . rreg ',' seg
   64     | LMOVW . xlreg ',' rreg
   65     | LMOVW . rreg ',' xlreg
   66     | LMOVW . creg ',' psr
   67     | LMOVW . rreg ',' psr

    '+'     shift, and go to state 41
    '-'     shift, and go to state 42
    LCONST  shift, and go to state 43
    LCREG   shift, and go to state 44
    LREG    shift, and go to state 45
    LFREG   shift, and go to state 46
    LR      shift, and go to state 47
    LCR     shift, and go to state 48
    LF      shift, and go to state 49
    LFPSCR  shift, and go to state 50
    LLR     shift, and go to state 51
    LCTR    shift, and go to state 52
    LSPR    shift, and go to state 53
    LSPREG  shift, and go to state 54
    LSEG    shift, and go to state 55
    LMSR    shift, and go to state 56
    LNAME   shift, and go to state 57
    LVAR    shift, and go to state 58
    '('     shift, and go to state 59
    '$'     shift, and go to state 60
    '~'     shift, and go to state 61

    rreg     go to state 62
    xlreg    go to state 63
    lr       go to state 64
    lcr      go to state 65
    ctr      go to state 66
    msr      go to state 67
    psr      go to state 68
    seg      go to state 69
    fpscr    go to state 70
    freg     go to state 71
    creg     go to state 72
    ximm     go to state 73
    imm      go to state 74
    sreg     go to state 75
    regaddr  go to state 76
    addr     go to state 77
    name     go to state 78
    con      go to state 79


state 5

   16 inst: LMOVB . rreg ',' rreg
   17     | LMOVB . addr ',' rreg
   18     | LMOVB . regaddr ',' rreg
   27     | LMOVB . rreg ',' addr
   28     | LMOVB . rreg ',' regaddr

    '+'     shift, and go to state 41
    '-'     shift, and go to state 42
    LCONST  shift, and go to state 43
    LREG    shift, and go to state 45
    LR      shift, and go to state 47
    LNAME   shift, and go to state 57
    LVAR    shift, and go to state 58
    '('     shift, and go to state 59
    '~'     shift, and go to state 61

    rreg     go to state 80
    sreg     go to state 75
    regaddr  go to state 81
    addr     go to state 82
    name     go to state 78
    con      go to state 79


state 6

   51 inst: LABS . rreg ',' rreg
   52     | LABS . rreg

    LREG  shift, and go to state 45
    LR    shift, and go to state 47

    rreg  go to state 83
    sreg  go to state 75


state 7

   45 inst: LLOGW . rreg ',' sreg ',' rreg
   46     | LLOGW . rreg ',' rreg

    LREG  shift, and go to state 45
    LR    shift, and go to state 47

    rreg  go to state 84
    sreg  go to state 75


state 8

   47 inst: LSHW . rreg ',' sreg ',' rreg
   48     | LSHW . rreg ',' rreg
   49     | LSHW . imm ',' sreg ',' rreg
   50     | LSHW . imm ',' rreg

    LREG  shift, and go to state 45
    LR    shift, and go to state 47
    '$'   shift, and go to state 85

    rreg  go to state 86
    imm   go to state 87
    sreg  go to state 75


state 9

   40 inst: LADDW . rreg ',' sreg ',' rreg
   41     | LADDW . imm ',' sreg ',' rreg
   42     | LADDW . rreg ',' imm ',' rreg
   43     | LADDW . rreg ',' rreg
   44     | LADDW . imm ',' rreg

    LREG  shift, and go to state 45
    LR    shift, and go to state 47
    '$'   shift, and go to state 85

    rreg  go to state 88
    imm   go to state 89
    sreg  go to state 75


state 10

   93 inst: LCMP . rreg ',' rreg
   94     | LCMP . rreg ',' imm
   95     | LCMP . rreg ',' rreg ',' creg
   96     | LCMP . rreg ',' imm ',' creg

    LREG  shift, and go to state 45
    LR    shift, and go to state 47

    rreg  go to state 90
    sreg  go to state 75


state 11

   56 inst: LCROP . cbit ',' cbit
   57     | LCROP . cbit ',' con ',' cbit

    '+'     shift, and go to state 41
    '-'     shift, and go to state 42
    LCONST  shift, and go to state 43
    LVAR    shift, and go to state 58
    '('     shift, and go to state 91
    '~'     shift, and go to state 61

    cbit  go to state 92
    con   go to state 93


state 12

   68 inst: LBRA . rel
   69     | LBRA . addr
   70     | LBRA . '(' xlreg ')'
   71     | LBRA . ',' rel
   72     | LBRA . ',' addr
   73     | LBRA . ',' '(' xlreg ')'
   74     | LBRA . creg ',' rel
   75     | LBRA . creg ',' addr
   76     | LBRA . creg ',' '(' xlreg ')'
   77     | LBRA . con ',' rel
   78     | LBRA . con ',' addr
   79     | LBRA . con ',' '(' xlreg ')'
   80     | LBRA . con ',' con ',' rel
   81     | LBRA . con ',' con ',' addr
   82     | LBRA . con ',' con ',' '(' xlreg ')'

    '+'     shift, and go to state 41
    '-'     shift, and go to state 42
    LCONST  shift, and go to state 43
    LCREG   shift, and go to state 44
    LCR     shift, and go to state 94
    LNAME   shift, and go to state 95
    LLAB    shift, and go to state 96
    LVAR    shift, and go to state 58
    ','     shift, and go to state 97
    '('     shift, and go to state 98
    '~'     shift, and go to state 61

    rel   go to state 99
    creg  go to state 100
    addr  go to state 101
    name  go to state 78
    con   go to state 102


state 13

   19 inst: LFMOV . addr ',' freg
   20     | LFMOV . regaddr ',' freg
   21     | LFMOV . fimm ',' freg
   22     | LFMOV . freg ',' freg
   23     | LFMOV . freg ',' addr
   24     | LFMOV . freg ',' regaddr

    '+'     shift, and go to state 41
    '-'     shift, and go to state 42
    LCONST  shift, and go to state 43
    LFREG   shift, and go to state 46
    LF      shift, and go to state 49
    LNAME   shift, and go to state 57
    LVAR    shift, and go to state 58
    '('     shift, and go to state 59
    '$'     shift, and go to state 103
    '~'     shift, and go to state 61

    freg     go to state 104
    fimm     go to state 105
    regaddr  go to state 106
    addr     go to state 107
    name     go to state 78
    con      go to state 79


state 14

   87 inst: LFCONV . freg ',' freg

    LFREG  shift, and go to state 46
    LF     shift, and go to state 49

    freg  go to state 108


state 15

   91 inst: LFCMP . freg ',' freg
   92     | LFCMP . freg ',' freg ',' creg

    LFREG  shift, and go to state 46
    LF     shift, and go to state 49

    freg  go to state 109


state 16

   88 inst: LFADD . freg ',' freg
   89     | LFADD . freg ',' freg ',' freg

    LFREG  shift, and go to state 46
    LF     shift, and go to state 49

    freg  go to state 110


state 17

   90 inst: LFMA . freg ',' freg ',' freg ',' freg

    LFREG  shift, and go to state 46
    LF     shift, and go to state 49

    freg  go to state 111


state 18

   83 inst: LTRAP . rreg ',' sreg
   84     | LTRAP . imm ',' sreg
   85     | LTRAP . rreg comma
   86     | LTRAP . comma

    LREG  shift, and go to state 45
    LR    shift, and go to state 47
    ','   shift, and go to state 112
    '$'   shift, and go to state 85

    $default  reduce using rule 163 (comma)

    rreg   go to state 113
    imm    go to state 114
    sreg   go to state 75
    comma  go to state 115


state 19

  110 inst: LNOP . comma
  111     | LNOP . rreg comma
  112     | LNOP . freg comma
  113     | LNOP . ',' rreg
  114     | LNOP . ',' freg

    LREG   shift, and go to state 45
    LFREG  shift, and go to state 46
    LR     shift, and go to state 47
    LF     shift, and go to state 49
    ','    shift, and go to state 116

    $default  reduce using rule 163 (comma)

    rreg   go to state 117
    freg   go to state 118
    sreg   go to state 75
    comma  go to state 119


state 20

  117 inst: LEND . comma

    ','  shift, and go to state 112

    $default  reduce using rule 163 (comma)

    comma  go to state 120


state 21

  115 inst: LWORD . imm comma
  116     | LWORD . ximm comma

    '$'  shift, and go to state 60

    ximm  go to state 121
    imm   go to state 122


state 22

  118 inst: LTEXT . name ',' imm
  119     | LTEXT . name ',' con ',' imm
  120     | LTEXT . name ',' imm ':' imm
  121     | LTEXT . name ',' con ',' imm ':' imm

    '+'     shift, and go to state 41
    '-'     shift, and go to state 42
    LCONST  shift, and go to state 43
    LNAME   shift, and go to state 57
    LVAR    shift, and go to state 58
    '('     shift, and go to state 91
    '~'     shift, and go to state 61

    name  go to state 123
    con   go to state 124


state 23

  122 inst: LDATA . name '/' con ',' imm
  123     | LDATA . name '/' con ',' ximm
  124     | LDATA . name '/' con ',' fimm

    '+'     shift, and go to state 41
    '-'     shift, and go to state 42
    LCONST  shift, and go to state 43
    LNAME   shift, and go to state 57
    LVAR    shift, and go to state 58
    '('     shift, and go to state 91
    '~'     shift, and go to state 61

    name  go to state 125
    con   go to state 124


state 24

  125 inst: LRETRN . comma

    ','  shift, and go to state 112

    $default  reduce using rule 163 (comma)

    comma  go to state 126


state 25

    9 line: LSCHED . ';'

    ';'  shift, and go to state 127


state 26

  103 inst: LXLD . regaddr ',' rreg
  104     | LXLD . regaddr ',' imm ',' rreg

    '('  shift, and go to state 128

    regaddr  go to state 129


state 27

  105 inst: LXST . rreg ',' regaddr
  106     | LXST . rreg ',' imm ',' regaddr

    LREG  shift, and go to state 45
    LR    shift, and go to state 47

    rreg  go to state 130
    sreg  go to state 75


state 28

  109 inst: LXOP . regaddr

    '('  shift, and go to state 128

    regaddr  go to state 131


state 29

  107 inst: LXMV . regaddr ',' rreg
  108     | LXMV . rreg ',' regaddr

    LREG  shift, and go to state 45
    LR    shift, and go to state 47
    '('   shift, and go to state 128

    rreg     go to state 132
    sreg     go to state 75
    regaddr  go to state 133


state 30

   97 inst: LRLWM . imm ',' rreg ',' imm ',' rreg
   98     | LRLWM . imm ',' rreg ',' mask ',' rreg
   99     | LRLWM . rreg ',' rreg ',' imm ',' rreg
  100     | LRLWM . rreg ',' rreg ',' mask ',' rreg

    LREG  shift, and go to state 45
    LR    shift, and go to state 47
    '$'   shift, and go to state 85

    rreg  go to state 134
    imm   go to state 135
    sreg  go to state 75


state 31

  101 inst: LMOVMW . addr ',' rreg
  102     | LMOVMW . rreg ',' addr

    '+'     shift, and go to state 41
    '-'     shift, and go to state 42
    LCONST  shift, and go to state 43
    LREG    shift, and go to state 45
    LR      shift, and go to state 47
    LNAME   shift, and go to state 57
    LVAR    shift, and go to state 58
    '('     shift, and go to state 91
    '~'     shift, and go to state 61

    rreg  go to state 136
    sreg  go to state 75
    addr  go to state 137
    name  go to state 78
    con   go to state 79


state 32

   36 inst: LMTFSB . imm ',' con

    '$'  shift, and go to state 85

    imm  go to state 138


state 33

   53 inst: LMA . rreg ',' sreg ',' rreg

    LREG  shift, and go to state 45
    LR    shift, and go to state 47

    rreg  go to state 139
    sreg  go to state 75


state 34

    6 line: LNAME . ':' $@2 line
    7     | LNAME . '=' expr ';'

    ':'  shift, and go to state 140
    '='  shift, and go to state 141


state 35

    4 line: LLAB . ':' $@1 line

    ':'  shift, and go to state 142


state 36

    8 line: LVAR . '=' expr ';'

    '='  shift, and go to state 143


state 37

   10 line: ';' .

    $default  reduce using rule 10 (line)


state 38

    2 prog: prog line .

    $default  reduce using rule 2 (prog)


state 39

   11 line: inst . ';'

    ';'  shift, and go to state 144


state 40

   12 line: error ';' .

    $default  reduce using rule 12 (line)


state 41

  174 con: '+' . con

    '+'     shift, and go to state 41
    '-'     shift, and go to state 42
    LCONST  shift, and go to state 43
    LVAR    shift, and go to state 58
    '('     shift, and go to state 91
    '~'     shift, and go to state 61

    con  go to state 145


state 42

  173 con: '-' . con

    '+'     shift, and go to state 41
    '-'     shift, and go to state 42
    LCONST  shift, and go to state 43
    LVAR    shift, and go to state 58
    '('     shift, and go to state 91
    '~'     shift, and go to state 61

    con  go to state 146


state 43

  171 con: LCONST .

    $default  reduce using rule 171 (con)


state 44

  145 creg: LCREG .

    $default  reduce using rule 145 (creg)


state 45

  154 sreg: LREG .

    $default  reduce using rule 154 (sreg)


state 46

  143 freg: LFREG .

    $default  reduce using rule 143 (freg)


state 47

  155 sreg: LR . '(' con ')'

    '('  shift, and go to state 147


state 48

  133 lcr: LCR .
  146 creg: LCR . '(' con ')'

    '('  shift, and go to state 148

    $default  reduce using rule 133 (lcr)


state 49

  144 freg: LF . '(' con ')'

    '('  shift, and go to state 149


state 50

  141 fpscr: LFPSCR .

    $default  reduce using rule 141 (fpscr)


state 51

  132 lr: LLR .

    $default  reduce using rule 132 (lr)


state 52

  134 ctr: LCTR .

    $default  reduce using rule 134 (ctr)


state 53

  137 psr: LSPR . '(' con ')'

    '('  shift, and go to state 150


state 54

  136 psr: LSPREG .

    $default  reduce using rule 136 (psr)


state 55

  139 seg: LSEG . '(' con ')'
  140    | LSEG . '(' sreg ')'

    '('  shift, and go to state 151


state 56

  135 msr: LMSR .

    $default  reduce using rule 135 (msr)


state 57

  161 name: LNAME . offset '(' pointer ')'
  162     | LNAME . '<' '>' offset '(' LSB ')'

    '<'  shift, and go to state 152
    '+'  shift, and go to state 153
    '-'  shift, and go to state 154

    $default  reduce using rule 165 (offset)

    offset  go to state 155


state 58

  172 con: LVAR .

    $default  reduce using rule 172 (con)


state 59

  156 regaddr: '(' . sreg ')'
  157        | '(' . sreg '+' sreg ')'
  176 con: '(' . expr ')'

    '+'     shift, and go to state 41
    '-'     shift, and go to state 42
    LCONST  shift, and go to state 43
    LREG    shift, and go to state 45
    LR      shift, and go to state 47
    LVAR    shift, and go to state 58
    '('     shift, and go to state 91
    '~'     shift, and go to state 61

    sreg  go to state 156
    con   go to state 157
    expr  go to state 158


state 60

  149 ximm: '$' . addr
  150     | '$' . LSCONST
  153 imm: '$' . con

    '+'      shift, and go to state 41
    '-'      shift, and go to state 42
    LCONST   shift, and go to state 43
    LSCONST  shift, and go to state 159
    LNAME    shift, and go to state 57
    LVAR     shift, and go to state 58
    '('      shift, and go to state 91
    '~'      shift, and go to state 61

    addr  go to state 160
    name  go to state 78
    con   go to state 161


state 61

  175 con: '~' . con

    '+'     shift, and go to state 41
    '-'     shift, and go to state 42
    LCONST  shift, and go to state 43
    LVAR    shift, and go to state 58
    '('     shift, and go to state 91
    '~'     shift, and go to state 61

    con  go to state 162


state 62

   13 inst: LMOVW rreg . ',' rreg
   25     | LMOVW rreg . ',' addr
   26     | LMOVW rreg . ',' regaddr
   37     | LMOVW rreg . ',' imm ',' lcr
   38     | LMOVW rreg . ',' creg
   39     | LMOVW rreg . ',' lcr
   63     | LMOVW rreg . ',' seg
   65     | LMOVW rreg . ',' xlreg
   67     | LMOVW rreg . ',' psr

    ','  shift, and go to state 163


state 63

   64 inst: LMOVW xlreg . ',' rreg

    ','  shift, and go to state 164


state 64

  130 xlreg: lr .

    $default  reduce using rule 130 (xlreg)


state 65

   60 inst: LMOVW lcr . ',' rreg

    ','  shift, and go to state 165


state 66

  131 xlreg: ctr .

    $default  reduce using rule 131 (xlreg)


state 67

  138 psr: msr .

    $default  reduce using rule 138 (psr)


state 68

   59 inst: LMOVW psr . ',' creg
   61     | LMOVW psr . ',' rreg

    ','  shift, and go to state 166


state 69

   62 inst: LMOVW seg . ',' rreg

    ','  shift, and go to state 167


state 70

   31 inst: LMOVW fpscr . ',' freg
   34     | LMOVW fpscr . ',' creg

    ','  shift, and go to state 168


state 71

   29 inst: LMOVW freg . ',' addr
   30     | LMOVW freg . ',' regaddr
   32     | LMOVW freg . ',' fpscr
   33     | LMOVW freg . ',' imm ',' fpscr

    ','  shift, and go to state 169


state 72

   58 inst: LMOVW creg . ',' creg
   66     | LMOVW creg . ',' psr

    ','  shift, and go to state 170


state 73

   55 inst: LMOVW ximm . ',' rreg

    ','  shift, and go to state 171


state 74

   35 inst: LMOVW imm . ',' fpscrf
   54     | LMOVW imm . ',' rreg

    ','  shift, and go to state 172


state 75

  129 rreg: sreg .

    $default  reduce using rule 129 (rreg)


state 76

   15 inst: LMOVW regaddr . ',' rreg

    ','  shift, and go to state 173


state 77

   14 inst: LMOVW addr . ',' rreg

    ','  shift, and go to state 174


state 78

  158 addr: name .

    $default  reduce using rule 158 (addr)


state 79

  159 addr: con . '(' sreg ')'
  160 name: con . '(' pointer ')'

    '('  shift, and go to state 175


state 80

   16 inst: LMOVB rreg . ',' rreg
   27     | LMOVB rreg . ',' addr
   28     | LMOVB rreg . ',' regaddr

    ','  shift, and go to state 176


state 81

   18 inst: LMOVB regaddr . ',' rreg

    ','  shift, and go to state 177


state 82

   17 inst: LMOVB addr . ',' rreg

    ','  shift, and go to state 178


state 83

   51 inst: LABS rreg . ',' rreg
   52     | LABS rreg .

    ','  shift, and go to state 179

    $default  reduce using rule 52 (inst)


state 84

   45 inst: LLOGW rreg . ',' sreg ',' rreg
   46     | LLOGW rreg . ',' rreg

    ','  shift, and go to state 180


state 85

  153 imm: '$' . con

    '+'     shift, and go to state 41
    '-'     shift, and go to state 42
    LCONST  shift, and go to state 43
    LVAR    shift, and go to state 58
    '('     shift, and go to state 91
    '~'     shift, and go to state 61

    con  go to state 181


state 86

   47 inst: LSHW rreg . ',' sreg ',' rreg
   48     | LSHW rreg . ',' rreg

    ','  shift, and go to state 182


state 87

   49 inst: LSHW imm . ',' sreg ',' rreg
   50     | LSHW imm . ',' rreg

    ','  shift, and go to state 183


state 88

   40 inst: LADDW rreg . ',' sreg ',' rreg
   42     | LADDW rreg . ',' imm ',' rreg
   43     | LADDW rreg . ',' rreg

    ','  shift, and go to state 184


state 89

   41 inst: LADDW imm . ',' sreg ',' rreg
   44     | LADDW imm . ',' rreg

    ','  shift, and go to state 185


state 90

   93 inst: LCMP rreg . ',' rreg
   94     | LCMP rreg . ',' imm
   95     | LCMP rreg . ',' rreg ',' creg
   96     | LCMP rreg . ',' imm ',' creg

    ','  shift, and go to state 186


state 91

  176 con: '(' . expr ')'

    '+'     shift, and go to state 41
    '-'     shift, and go to state 42
    LCONST  shift, and go to state 43
    LVAR    shift, and go to state 58
    '('     shift, and go to state 91
    '~'     shift, and go to state 61

    con   go to state 157
    expr  go to state 158


state 92

   56 inst: LCROP cbit . ',' cbit
   57     | LCROP cbit . ',' con ',' cbit

    ','  shift, and go to state 187


state 93

  147 cbit: con .

    $default  reduce using rule 147 (cbit)


state 94

  146 creg: LCR . '(' con ')'

    '('  shift, and go to state 148


state 95

  127 rel: LNAME . offset
  161 name: LNAME . offset '(' pointer ')'
  162     | LNAME . '<' '>' offset '(' LSB ')'

    '<'  shift, and go to state 152
    '+'  shift, and go to state 153
    '-'  shift, and go to state 154

    $default  reduce using rule 165 (offset)

    offset  go to state 188


state 96

  128 rel: LLAB . offset

    '+'  shift, and go to state 153
    '-'  shift, and go to state 154

    $default  reduce using rule 165 (offset)

    offset  go to state 189


state 97

   71 inst: LBRA ',' . rel
   72     | LBRA ',' . addr
   73     | LBRA ',' . '(' xlreg ')'

    '+'     shift, and go to state 41
    '-'     shift, and go to state 42
    LCONST  shift, and go to state 43
    LNAME   shift, and go to state 95
    LLAB    shift, and go to state 96
    LVAR    shift, and go to state 58
    '('     shift, and go to state 190
    '~'     shift, and go to state 61

    rel   go to state 191
    addr  go to state 192
    name  go to state 78
    con   go to state 193


state 98

   70 inst: LBRA '(' . xlreg ')'
  176 con: '(' . expr ')'

    '+'     shift, and go to state 41
    '-'     shift, and go to state 42
    LCONST  shift, and go to state 43
    LLR     shift, and go to state 51
    LCTR    shift, and go to state 52
    LVAR    shift, and go to state 58
    '('     shift, and go to state 91
    '~'     shift, and go to state 61

    xlreg  go to state 194
    lr     go to state 64
    ctr    go to state 66
    con    go to state 157
    expr   go to state 158


state 99

   68 inst: LBRA rel .

    $default  reduce using rule 68 (inst)


state 100

   74 inst: LBRA creg . ',' rel
   75     | LBRA creg . ',' addr
   76     | LBRA creg . ',' '(' xlreg ')'

    ','  shift, and go to state 195


state 101

   69 inst: LBRA addr .

    $default  reduce using rule 69 (inst)


state 102

   77 inst: LBRA con . ',' rel
   78     | LBRA con . ',' addr
   79     | LBRA con . ',' '(' xlreg ')'
   80     | LBRA con . ',' con ',' rel
   81     | LBRA con . ',' con ',' addr
   82     | LBRA con . ',' con ',' '(' xlreg ')'
  126 rel: con . '(' LPC ')'
  159 addr: con . '(' sreg ')'
  160 name: con . '(' pointer ')'

    ','  shift, and go to state 196
    '('  shift, and go to state 197


state 103

  151 fimm: '$' . LFCONST
  152     | '$' . '-' LFCONST

    '-'      shift, and go to state 198
    LFCONST  shift, and go to state 199


state 104

   22 inst: LFMOV freg . ',' freg
   23     | LFMOV freg . ',' addr
   24     | LFMOV freg . ',' regaddr

    ','  shift, and go to state 200


state 105

   21 inst: LFMOV fimm . ',' freg

    ','  shift, and go to state 201


state 106

   20 inst: LFMOV regaddr . ',' freg

    ','  shift, and go to state 202


state 107

   19 inst: LFMOV addr . ',' freg

    ','  shift, and go to state 203


state 108

   87 inst: LFCONV freg . ',' freg

    ','  shift, and go to state 204


state 109

   91 inst: LFCMP freg . ',' freg
   92     | LFCMP freg . ',' freg ',' creg

    ','  shift, and go to state 205


state 110

   88 inst: LFADD freg . ',' freg
   89     | LFADD freg . ',' freg ',' freg

    ','  shift, and go to state 206


state 111

   90 inst: LFMA freg . ',' freg ',' freg ',' freg

    ','  shift, and go to state 207


state 112

  164 comma: ',' .

    $default  reduce using rule 164 (comma)


state 113

   83 inst: LTRAP rreg . ',' sreg
   85     | LTRAP rreg . comma

    ','  shift, and go to state 208

    $default  reduce using rule 163 (comma)

    comma  go to state 209


state 114

   84 inst: LTRAP imm . ',' sreg

    ','  shift, and go to state 210


state 115

   86 inst: LTRAP comma .

    $default  reduce using rule 86 (inst)


state 116

  113 inst: LNOP ',' . rreg
  114     | LNOP ',' . freg
  164 comma: ',' .

    LREG   shift, and go to state 45
    LFREG  shift, and go to state 46
    LR     shift, and go to state 47
    LF     shift, and go to state 49

    $default  reduce using rule 164 (comma)

    rreg  go to state 211
    freg  go to state 212
    sreg  go to state 75


state 117

  111 inst: LNOP rreg . comma

    ','  shift, and go to state 112

    $default  reduce using rule 163 (comma)

    comma  go to state 213


state 118

  112 inst: LNOP freg . comma

    ','  shift, and go to state 112

    $default  reduce using rule 163 (comma)

    comma  go to state 214


state 119

  110 inst: LNOP comma .

    $default  reduce using rule 110 (inst)


state 120

  117 inst: LEND comma .

    $default  reduce using rule 117 (inst)


state 121

  116 inst: LWORD ximm . comma

    ','  shift, and go to state 112

    $default  reduce using rule 163 (comma)

    comma  go to state 215


state 122

  115 inst: LWORD imm . comma

    ','  shift, and go to state 112

    $default  reduce using rule 163 (comma)

    comma  go to state 216


state 123

  118 inst: LTEXT name . ',' imm
  119     | LTEXT name . ',' con ',' imm
  120     | LTEXT name . ',' imm ':' imm
  121     | LTEXT name . ',' con ',' imm ':' imm

    ','  shift, and go to state 217


state 124

  160 name: con . '(' pointer ')'

    '('  shift, and go to state 218


state 125

  122 inst: LDATA name . '/' con ',' imm
  123     | LDATA name . '/' con ',' ximm
  124     | LDATA name . '/' con ',' fimm

    '/'  shift, and go to state 219


state 126

  125 inst: LRETRN comma .

    $default  reduce using rule 125 (inst)


state 127

    9 line: LSCHED ';' .

    $default  reduce using rule 9 (line)


state 128

  156 regaddr: '(' . sreg ')'
  157        | '(' . sreg '+' sreg ')'

    LREG  shift, and go to state 45
    LR    shift, and go to state 47

    sreg  go to state 156


state 129

  103 inst: LXLD regaddr . ',' rreg
  104     | LXLD regaddr . ',' imm ',' rreg

    ','  shift, and go to state 220


state 130

  105 inst: LXST rreg . ',' regaddr
  106     | LXST rreg . ',' imm ',' regaddr

    ','  shift, and go to state 221


state 131

  109 inst: LXOP regaddr .

    $default  reduce using rule 109 (inst)


state 132

  108 inst: LXMV rreg . ',' regaddr

    ','  shift, and go to state 222


state 133

  107 inst: LXMV regaddr . ',' rreg

    ','  shift, and go to state 223


state 134

   99 inst: LRLWM rreg . ',' rreg ',' imm ',' rreg
  100     | LRLWM rreg . ',' rreg ',' mask ',' rreg

    ','  shift, and go to state 224


state 135

   97 inst: LRLWM imm . ',' rreg ',' imm ',' rreg
   98     | LRLWM imm . ',' rreg ',' mask ',' rreg

    ','  shift, and go to state 225


state 136

  102 inst: LMOVMW rreg . ',' addr

    ','  shift, and go to state 226


state 137

  101 inst: LMOVMW addr . ',' rreg

    ','  shift, and go to state 227


state 138

   36 inst: LMTFSB imm . ',' con

    ','  shift, and go to state 228


state 139

   53 inst: LMA rreg . ',' sreg ',' rreg

    ','  shift, and go to state 229


state 140

    6 line: LNAME ':' . $@2 line

    $default  reduce using rule 5 ($@2)

    $@2  go to state 230


state 141

    7 line: LNAME '=' . expr ';'

    '+'     shift, and go to state 41
    '-'     shift, and go to state 42
    LCONST  shift, and go to state 43
    LVAR    shift, and go to state 58
    '('     shift, and go to state 91
    '~'     shift, and go to state 61

    con   go to state 157
    expr  go to state 231


state 142

    4 line: LLAB ':' . $@1 line

    $default  reduce using rule 3 ($@1)

    $@1  go to state 232


state 143

    8 line: LVAR '=' . expr ';'

    '+'     shift, and go to state 41
    '-'     shift, and go to state 42
    LCONST  shift, and go to state 43
    LVAR    shift, and go to state 58
    '('     shift, and go to state 91
    '~'     shift, and go to state 61

    con   go to state 157
    expr  go to state 233


state 144

   11 line: inst ';' .

    $default  reduce using rule 11 (line)


state 145

  174 con: '+' con .

    $default  reduce using rule 174 (con)


state 146

  173 con: '-' con .

    $default  reduce using rule 173 (con)


state 147

  155 sreg: LR '(' . con ')'

    '+'     shift, and go to state 41
    '-'     shift, and go to state 42
    LCONST  shift, and go to state 43
    LVAR    shift, and go to state 58
    '('     shift, and go to state 91
    '~'     shift, and go to state 61

    con  go to state 234


state 148

  146 creg: LCR '(' . con ')'

    '+'     shift, and go to state 41
    '-'     shift, and go to state 42
    LCONST  shift, and go to state 43
    LVAR    shift, and go to state 58
    '('     shift, and go to state 91
    '~'     shift, and go to state 61

    con  go to state 235


state 149

  144 freg: LF '(' . con ')'

    '+'     shift, and go to state 41
    '-'     shift, and go to state 42
    LCONST  shift, and go to state 43
    LVAR    shift, and go to state 58
    '('     shift, and go to state 91
    '~'     shift, and go to state 61

    con  go to state 236


state 150

  137 psr: LSPR '(' . con ')'

    '+'     shift, and go to state 41
    '-'     shift, and go to state 42
    LCONST  shift, and go to state 43
    LVAR    shift, and go to state 58
    '('     shift, and go to state 91
    '~'     shift, and go to state 61

    con  go to state 237


state 151

  139 seg: LSEG '(' . con ')'
  140    | LSEG '(' . sreg ')'

    '+'     shift, and go to state 41
    '-'     shift, and go to state 42
    LCONST  shift, and go to state 43
    LREG    shift, and go to state 45
    LR      shift, and go to state 47
    LVAR    shift, and go to state 58
    '('     shift, and go to state 91
    '~'     shift, and go to state 61

    sreg  go to state 238
    con   go to state 239


state 152

  162 name: LNAME '<' . '>' offset '(' LSB ')'

    '>'  shift, and go to state 240


state 153

  166 offset: '+' . con

    '+'     shift, and go to state 41
    '-'     shift, and go to state 42
    LCONST  shift, and go to state 43
    LVAR    shift, and go to state 58
    '('     shift, and go to state 91
    '~'     shift, and go to state 61

    con  go to state 241


state 154

  167 offset: '-' . con

    '+'     shift, and go to state 41
    '-'     shift, and go to state 42
    LCONST  shift, and go to state 43
    LVAR    shift, and go to state 58
    '('     shift, and go to state 91
    '~'     shift, and go to state 61

    con  go to state 242


state 155

  161 name: LNAME offset . '(' pointer ')'

    '('  shift, and go to state 243


state 156

  156 regaddr: '(' sreg . ')'
  157        | '(' sreg . '+' sreg ')'

    '+'  shift, and go to state 244
    ')'  shift, and go to state 245


state 157

  177 expr: con .

    $default  reduce using rule 177 (expr)


state 158

  176 con: '(' expr . ')'
  178 expr: expr . '+' expr
  179     | expr . '-' expr
  180     | expr . '*' expr
  181     | expr . '/' expr
  182     | expr . '%' expr
  183     | expr . '<' '<' expr
  184     | expr . '>' '>' expr
  185     | expr . '&' expr
  186     | expr . '^' expr
  187     | expr . '|' expr

    '|'  shift, and go to state 246
    '^'  shift, and go to state 247
    '&'  shift, and go to state 248
    '<'  shift, and go to state 249
    '>'  shift, and go to state 250
    '+'  shift, and go to state 251
    '-'  shift, and go to state 252
    '*'  shift, and go to state 253
    '/'  shift, and go to state 254
    '%'  shift, and go to state 255
    ')'  shift, and go to state 256


state 159

  150 ximm: '$' LSCONST .

    $default  reduce using rule 150 (ximm)


state 160

  149 ximm: '$' addr .

    $default  reduce using rule 149 (ximm)


state 161

  153 imm: '$' con .
  159 addr: con . '(' sreg ')'
  160 name: con . '(' pointer ')'

    '('  shift, and go to state 175

    $default  reduce using rule 153 (imm)


state 162

  175 con: '~' con .

    $default  reduce using rule 175 (con)


state 163

   13 inst: LMOVW rreg ',' . rreg
   25     | LMOVW rreg ',' . addr
   26     | LMOVW rreg ',' . regaddr
   37     | LMOVW rreg ',' . imm ',' lcr
   38     | LMOVW rreg ',' . creg
   39     | LMOVW rreg ',' . lcr
   63     | LMOVW rreg ',' . seg
   65     | LMOVW rreg ',' . xlreg
   67     | LMOVW rreg ',' . psr

    '+'     shift, and go to state 41
    '-'     shift, and go to state 42
    LCONST  shift, and go to state 43
    LCREG   shift, and go to state 44
    LREG    shift, and go to state 45
    LR      shift, and go to state 47
    LCR     shift, and go to state 48
    LLR     shift, and go to state 51
    LCTR    shift, and go to state 52
    LSPR    shift, and go to state 53
    LSPREG  shift, and go to state 54
    LSEG    shift, and go to state 55
    LMSR    shift, and go to state 56
    LNAME   shift, and go to state 57
    LVAR    shift, and go to state 58
    '('     shift, and go to state 59
    '$'     shift, and go to state 85
    '~'     shift, and go to state 61

    rreg     go to state 257
    xlreg    go to state 258
    lr       go to state 64
    lcr      go to state 259
    ctr      go to state 66
    msr      go to state 67
    psr      go to state 260
    seg      go to state 261
    creg     go to state 262
    imm      go to state 263
    sreg     go to state 75
    regaddr  go to state 264
    addr     go to state 265
    name     go to state 78
    con      go to state 79


state 164

   64 inst: LMOVW xlreg ',' . rreg

    LREG  shift, and go to state 45
    LR    shift, and go to state 47

    rreg  go to state 266
    sreg  go to state 75


state 165

   60 inst: LMOVW lcr ',' . rreg

    LREG  shift, and go to state 45
    LR    shift, and go to state 47

    rreg  go to state 267
    sreg  go to state 75


state 166

   59 inst: LMOVW psr ',' . creg
   61     | LMOVW psr ',' . rreg

    LCREG  shift, and go to state 44
    LREG   shift, and go to state 45
    LR     shift, and go to state 47
    LCR    shift, and go to state 94

    rreg  go to state 268
    creg  go to state 269
    sreg  go to state 75


state 167

   62 inst: LMOVW seg ',' . rreg

    LREG  shift, and go to state 45
    LR    shift, and go to state 47

    rreg  go to state 270
    sreg  go to state 75


state 168

   31 inst: LMOVW fpscr ',' . freg
   34     | LMOVW fpscr ',' . creg

    LCREG  shift, and go to state 44
    LFREG  shift, and go to state 46
    LCR    shift, and go to state 94
    LF     shift, and go to state 49

    freg  go to state 271
    creg  go to state 272


state 169

   29 inst: LMOVW freg ',' . addr
   30     | LMOVW freg ',' . regaddr
   32     | LMOVW freg ',' . fpscr
   33     | LMOVW freg ',' . imm ',' fpscr

    '+'     shift, and go to state 41
    '-'     shift, and go to state 42
    LCONST  shift, and go to state 43
    LFPSCR  shift, and go to state 50
    LNAME   shift, and go to state 57
    LVAR    shift, and go to state 58
    '('     shift, and go to state 59
    '$'     shift, and go to state 85
    '~'     shift, and go to state 61

    fpscr    go to state 273
    imm      go to state 274
    regaddr  go to state 275
    addr     go to state 276
    name     go to state 78
    con      go to state 79


state 170

   58 inst: LMOVW creg ',' . creg
   66     | LMOVW creg ',' . psr

    LCREG   shift, and go to state 44
    LCR     shift, and go to state 94
    LSPR    shift, and go to state 53
    LSPREG  shift, and go to state 54
    LMSR    shift, and go to state 56

    msr   go to state 67
    psr   go to state 277
    creg  go to state 278


state 171

   55 inst: LMOVW ximm ',' . rreg

    LREG  shift, and go to state 45
    LR    shift, and go to state 47

    rreg  go to state 279
    sreg  go to state 75


state 172

   35 inst: LMOVW imm ',' . fpscrf
   54     | LMOVW imm ',' . rreg

    LREG    shift, and go to state 45
    LR      shift, and go to state 47
    LFPSCR  shift, and go to state 280

    rreg    go to state 281
    fpscrf  go to state 282
    sreg    go to state 75


state 173

   15 inst: LMOVW regaddr ',' . rreg

    LREG  shift, and go to state 45
    LR    shift, and go to state 47

    rreg  go to state 283
    sreg  go to state 75


state 174

   14 inst: LMOVW addr ',' . rreg

    LREG  shift, and go to state 45
    LR    shift, and go to state 47

    rreg  go to state 284
    sreg  go to state 75


state 175

  159 addr: con '(' . sreg ')'
  160 name: con '(' . pointer ')'

    LSP   shift, and go to state 285
    LSB   shift, and go to state 286
    LFP   shift, and go to state 287
    LREG  shift, and go to state 45
    LR    shift, and go to state 47

    sreg     go to state 288
    pointer  go to state 289


state 176

   16 inst: LMOVB rreg ',' . rreg
   27     | LMOVB rreg ',' . addr
   28     | LMOVB rreg ',' . regaddr

    '+'     shift, and go to state 41
    '-'     shift, and go to state 42
    LCONST  shift, and go to state 43
    LREG    shift, and go to state 45
    LR      shift, and go to state 47
    LNAME   shift, and go to state 57
    LVAR    shift, and go to state 58
    '('     shift, and go to state 59
    '~'     shift, and go to state 61

    rreg     go to state 290
    sreg     go to state 75
    regaddr  go to state 291
    addr     go to state 292
    name     go to state 78
    con      go to state 79


state 177

   18 inst: LMOVB regaddr ',' . rreg

    LREG  shift, and go to state 45
    LR    shift, and go to state 47

    rreg  go to state 293
    sreg  go to state 75


state 178

   17 inst: LMOVB addr ',' . rreg

    LREG  shift, and go to state 45
    LR    shift, and go to state 47

    rreg  go to state 294
    sreg  go to state 75


state 179

   51 inst: LABS rreg ',' . rreg

    LREG  shift, and go to state 45
    LR    shift, and go to state 47

    rreg  go to state 295
    sreg  go to state 75


state 180

   45 inst: LLOGW rreg ',' . sreg ',' rreg
   46     | LLOGW rreg ',' . rreg

    LREG  shift, and go to state 45
    LR    shift, and go to state 47

    rreg  go to state 296
    sreg  go to state 297


state 181

  153 imm: '$' con .

    $default  reduce using rule 153 (imm)


state 182

   47 inst: LSHW rreg ',' . sreg ',' rreg
   48     | LSHW rreg ',' . rreg

    LREG  shift, and go to state 45
    LR    shift, and go to state 47

    rreg  go to state 298
    sreg  go to state 299


state 183

   49 inst: LSHW imm ',' . sreg ',' rreg
   50     | LSHW imm ',' . rreg

    LREG  shift, and go to state 45
    LR    shift, and go to state 47

    rreg  go to state 300
    sreg  go to state 301


state 184

   40 inst: LADDW rreg ',' . sreg ',' rreg
   42     | LADDW rreg ',' . imm ',' rreg
   43     | LADDW rreg ',' . rreg

    LREG  shift, and go to state 45
    LR    shift, and go to state 47
    '$'   shift, and go to state 85

    rreg  go to state 302
    imm   go to state 303
    sreg  go to state 304


state 185

   41 inst: LADDW imm ',' . sreg ',' rreg
   44     | LADDW imm ',' . rreg

    LREG  shift, and go to state 45
    LR    shift, and go to state 47

    rreg  go to state 305
    sreg  go to state 306


state 186

   93 inst: LCMP rreg ',' . rreg
   94     | LCMP rreg ',' . imm
   95     | LCMP rreg ',' . rreg ',' creg
   96     | LCMP rreg ',' . imm ',' creg

    LREG  shift, and go to state 45
    LR    shift, and go to state 47
    '$'   shift, and go to state 85

    rreg  go to state 307
    imm   go to state 308
    sreg  go to state 75


state 187

   56 inst: LCROP cbit ',' . cbit
   57     | LCROP cbit ',' . con ',' cbit

    '+'     shift, and go to state 41
    '-'     shift, and go to state 42
    LCONST  shift, and go to state 43
    LVAR    shift, and go to state 58
    '('     shift, and go to state 91
    '~'     shift, and go to state 61

    cbit  go to state 309
    con   go to state 310


state 188

  127 rel: LNAME offset .
  161 name: LNAME offset . '(' pointer ')'

    '('  shift, and go to state 243

    $default  reduce using rule 127 (rel)


state 189

  128 rel: LLAB offset .

    $default  reduce using rule 128 (rel)


state 190

   73 inst: LBRA ',' '(' . xlreg ')'
  176 con: '(' . expr ')'

    '+'     shift, and go to state 41
    '-'     shift, and go to state 42
    LCONST  shift, and go to state 43
    LLR     shift, and go to state 51
    LCTR    shift, and go to state 52
    LVAR    shift, and go to state 58
    '('     shift, and go to state 91
    '~'     shift, and go to state 61

    xlreg  go to state 311
    lr     go to state 64
    ctr    go to state 66
    con    go to state 157
    expr   go to state 158


state 191

   71 inst: LBRA ',' rel .

    $default  reduce using rule 71 (inst)


state 192

   72 inst: LBRA ',' addr .

    $default  reduce using rule 72 (inst)


state 193

  126 rel: con . '(' LPC ')'
  159 addr: con . '(' sreg ')'
  160 name: con . '(' pointer ')'

    '('  shift, and go to state 197


state 194

   70 inst: LBRA '(' xlreg . ')'

    ')'  shift, and go to state 312


state 195

   74 inst: LBRA creg ',' . rel
   75     | LBRA creg ',' . addr
   76     | LBRA creg ',' . '(' xlreg ')'

    '+'     shift, and go to state 41
    '-'     shift, and go to state 42
    LCONST  shift, and go to state 43
    LNAME   shift, and go to state 95
    LLAB    shift, and go to state 96
    LVAR    shift, and go to state 58
    '('     shift, and go to state 313
    '~'     shift, and go to state 61

    rel   go to state 314
    addr  go to state 315
    name  go to state 78
    con   go to state 193


state 196

   77 inst: LBRA con ',' . rel
   78     | LBRA con ',' . addr
   79     | LBRA con ',' . '(' xlreg ')'
   80     | LBRA con ',' . con ',' rel
   81     | LBRA con ',' . con ',' addr
   82     | LBRA con ',' . con ',' '(' xlreg ')'

    '+'     shift, and go to state 41
    '-'     shift, and go to state 42
    LCONST  shift, and go to state 43
    LNAME   shift, and go to state 95
    LLAB    shift, and go to state 96
    LVAR    shift, and go to state 58
    '('     shift, and go to state 316
    '~'     shift, and go to state 61

    rel   go to state 317
    addr  go to state 318
    name  go to state 78
    con   go to state 319


state 197

  126 rel: con '(' . LPC ')'
  159 addr: con '(' . sreg ')'
  160 name: con '(' . pointer ')'

    LSP   shift, and go to state 285
    LSB   shift, and go to state 286
    LFP   shift, and go to state 287
    LPC   shift, and go to state 320
    LREG  shift, and go to state 45
    LR    shift, and go to state 47

    sreg     go to state 288
    pointer  go to state 289


state 198

  152 fimm: '$' '-' . LFCONST

    LFCONST  shift, and go to state 321


state 199

  151 fimm: '$' LFCONST .

    $default  reduce using rule 151 (fimm)


state 200

   22 inst: LFMOV freg ',' . freg
   23     | LFMOV freg ',' . addr
   24     | LFMOV freg ',' . regaddr

    '+'     shift, and go to state 41
    '-'     shift, and go to state 42
    LCONST  shift, and go to state 43
    LFREG   shift, and go to state 46
    LF      shift, and go to state 49
    LNAME   shift, and go to state 57
    LVAR    shift, and go to state 58
    '('     shift, and go to state 59
    '~'     shift, and go to state 61

    freg     go to state 322
    regaddr  go to state 323
    addr     go to state 324
    name     go to state 78
    con      go to state 79


state 201

   21 inst: LFMOV fimm ',' . freg

    LFREG  shift, and go to state 46
    LF     shift, and go to state 49

    freg  go to state 325


state 202

   20 inst: LFMOV regaddr ',' . freg

    LFREG  shift, and go to state 46
    LF     shift, and go to state 49

    freg  go to state 326


state 203

   19 inst: LFMOV addr ',' . freg

    LFREG  shift, and go to state 46
    LF     shift, and go to state 49

    freg  go to state 327


state 204

   87 inst: LFCONV freg ',' . freg

    LFREG  shift, and go to state 46
    LF     shift, and go to state 49

    freg  go to state 328


state 205

   91 inst: LFCMP freg ',' . freg
   92     | LFCMP freg ',' . freg ',' creg

    LFREG  shift, and go to state 46
    LF     shift, and go to state 49

    freg  go to state 329


state 206

   88 inst: LFADD freg ',' . freg
   89     | LFADD freg ',' . freg ',' freg

    LFREG  shift, and go to state 46
    LF     shift, and go to state 49

    freg  go to state 330


state 207

   90 inst: LFMA freg ',' . freg ',' freg ',' freg

    LFREG  shift, and go to state 46
    LF     shift, and go to state 49

    freg  go to state 331


state 208

   83 inst: LTRAP rreg ',' . sreg
  164 comma: ',' .

    LREG  shift, and go to state 45
    LR    shift, and go to state 47

    $default  reduce using rule 164 (comma)

    sreg  go to state 332


state 209

   85 inst: LTRAP rreg comma .

    $default  reduce using rule 85 (inst)


state 210

   84 inst: LTRAP imm ',' . sreg

    LREG  shift, and go to state 45
    LR    shift, and go to state 47

    sreg  go to state 333


state 211

  113 inst: LNOP ',' rreg .

    $default  reduce using rule 113 (inst)


state 212

  114 inst: LNOP ',' freg .

    $default  reduce using rule 114 (inst)


state 213

  111 inst: LNOP rreg comma .

    $default  reduce using rule 111 (inst)


state 214

  112 inst: LNOP freg comma .

    $default  reduce using rule 112 (inst)


state 215

  116 inst: LWORD ximm comma .

    $default  reduce using rule 116 (inst)


state 216

  115 inst: LWORD imm comma .

    $default  reduce using rule 115 (inst)


state 217

  118 inst: LTEXT name ',' . imm
  119     | LTEXT name ',' . con ',' imm
  120     | LTEXT name ',' . imm ':' imm
  121     | LTEXT name ',' . con ',' imm ':' imm

    '+'     shift, and go to state 41
    '-'     shift, and go to state 42
    LCONST  shift, and go to state 43
    LVAR    shift, and go to state 58
    '('     shift, and go to state 91
    '$'     shift, and go to state 85
    '~'     shift, and go to state 61

    imm  go to state 334
    con  go to state 335


state 218

  160 name: con '(' . pointer ')'

    LSP  shift, and go to state 285
    LSB  shift, and go to state 286
    LFP  shift, and go to state 287

    pointer  go to state 289


state 219

  122 inst: LDATA name '/' . con ',' imm
  123     | LDATA name '/' . con ',' ximm
  124     | LDATA name '/' . con ',' fimm

    '+'     shift, and go to state 41
    '-'     shift, and go to state 42
    LCONST  shift, and go to state 43
    LVAR    shift, and go to state 58
    '('     shift, and go to state 91
    '~'     shift, and go to state 61

    con  go to state 336


state 220

  103 inst: LXLD regaddr ',' . rreg
  104     | LXLD regaddr ',' . imm ',' rreg

    LREG  shift, and go to state 45
    LR    shift, and go to state 47
    '$'   shift, and go to state 85

    rreg  go to state 337
    imm   go to state 338
    sreg  go to state 75


state 221

  105 inst: LXST rreg ',' . regaddr
  106     | LXST rreg ',' . imm ',' regaddr

    '('  shift, and go to state 128
    '$'  shift, and go to state 85

    imm      go to state 339
    regaddr  go to state 340


state 222

  108 inst: LXMV rreg ',' . regaddr

    '('  shift, and go to state 128

    regaddr  go to state 341


state 223

  107 inst: LXMV regaddr ',' . rreg

    LREG  shift, and go to state 45
    LR    shift, and go to state 47

    rreg  go to state 342
    sreg  go to state 75


state 224

   99 inst: LRLWM rreg ',' . rreg ',' imm ',' rreg
  100     | LRLWM rreg ',' . rreg ',' mask ',' rreg

    LREG  shift, and go to state 45
    LR    shift, and go to state 47

    rreg  go to state 343
    sreg  go to state 75


state 225

   97 inst: LRLWM imm ',' . rreg ',' imm ',' rreg
   98     | LRLWM imm ',' . rreg ',' mask ',' rreg

    LREG  shift, and go to state 45
    LR    shift, and go to state 47

    rreg  go to state 344
    sreg  go to state 75


state 226

  102 inst: LMOVMW rreg ',' . addr

    '+'     shift, and go to state 41
    '-'     shift, and go to state 42
    LCONST  shift, and go to state 43
    LNAME   shift, and go to state 57
    LVAR    shift, and go to state 58
    '('     shift, and go to state 91
    '~'     shift, and go to state 61

    addr  go to state 345
    name  go to state 78
    con   go to state 79


state 227

  101 inst: LMOVMW addr ',' . rreg

    LREG  shift, and go to state 45
    LR    shift, and go to state 47

    rreg  go to state 346
    sreg  go to state 75


state 228

   36 inst: LMTFSB imm ',' . con

    '+'     shift, and go to state 41
    '-'     shift, and go to state 42
    LCONST  shift, and go to state 43
    LVAR    shift, and go to state 58
    '('     shift, and go to state 91
    '~'     shift, and go to state 61

    con  go to state 347


state 229

   53 inst: LMA rreg ',' . sreg ',' rreg

    LREG  shift, and go to state 45
    LR    shift, and go to state 47

    sreg  go to state 348


state 230

    6 line: LNAME ':' $@2 . line

    error   shift, and go to state 3
    LMOVW   shift, and go to state 4
    LMOVB   shift, and go to state 5
    LABS    shift, and go to state 6
    LLOGW   shift, and go to state 7
    LSHW    shift, and go to state 8
    LADDW   shift, and go to state 9
    LCMP    shift, and go to state 10
    LCROP   shift, and go to state 11
    LBRA    shift, and go to state 12
    LFMOV   shift, and go to state 13
    LFCONV  shift, and go to state 14
    LFCMP   shift, and go to state 15
    LFADD   shift, and go to state 16
    LFMA    shift, and go to state 17
    LTRAP   shift, and go to state 18
    LNOP    shift, and go to state 19
    LEND    shift, and go to state 20
    LWORD   shift, and go to state 21
    LTEXT   shift, and go to state 22
    LDATA   shift, and go to state 23
    LRETRN  shift, and go to state 24
    LSCHED  shift, and go to state 25
    LXLD    shift, and go to state 26
    LXST    shift, and go to state 27
    LXOP    shift, and go to state 28
    LXMV    shift, and go to state 29
    LRLWM   shift, and go to state 30
    LMOVMW  shift, and go to state 31
    LMTFSB  shift, and go to state 32
    LMA     shift, and go to state 33
    LNAME   shift, and go to state 34
    LLAB    shift, and go to state 35
    LVAR    shift, and go to state 36
    ';'     shift, and go to state 37

    line  go to state 349
    inst  go to state 39


state 231

    7 line: LNAME '=' expr . ';'
  178 expr: expr . '+' expr
  179     | expr . '-' expr
  180     | expr . '*' expr
  181     | expr . '/' expr
  182     | expr . '%' expr
  183     | expr . '<' '<' expr
  184     | expr . '>' '>' expr
  185     | expr . '&' expr
  186     | expr . '^' expr
  187     | expr . '|' expr

    '|'  shift, and go to state 246
    '^'  shift, and go to state 247
    '&'  shift, and go to state 248
    '<'  shift, and go to state 249
    '>'  shift, and go to state 250
    '+'  shift, and go to state 251
    '-'  shift, and go to state 252
    '*'  shift, and go to state 253
    '/'  shift, and go to state 254
    '%'  shift, and go to state 255
    ';'  shift, and go to state 350


state 232

    4 line: LLAB ':' $@1 . line

    error   shift, and go to state 3
    LMOVW   shift, and go to state 4
    LMOVB   shift, and go to state 5
    LABS    shift, and go to state 6
    LLOGW   shift, and go to state 7
    LSHW    shift, and go to state 8
    LADDW   shift, and go to state 9
    LCMP    shift, and go to state 10
    LCROP   shift, and go to state 11
    LBRA    shift, and go to state 12
    LFMOV   shift, and go to state 13
    LFCONV  shift, and go to state 14
    LFCMP   shift, and go to state 15
    LFADD   shift, and go to state 16
    LFMA    shift, and go to state 17
    LTRAP   shift, and go to state 18
    LNOP    shift, and go to state 19
    LEND    shift, and go to state 20
    LWORD   shift, and go to state 21
    LTEXT   shift, and go to state 22
    LDATA   shift, and go to state 23
    LRETRN  shift, and go to state 24
    LSCHED  shift, and go to state 25
    LXLD    shift, and go to state 26
    LXST    shift, and go to state 27
    LXOP    shift, and go to state 28
    LXMV    shift, and go to state 29
    LRLWM   shift, and go to state 30
    LMOVMW  shift, and go to state 31
    LMTFSB  shift, and go to state 32
    LMA     shift, and go to state 33
    LNAME   shift, and go to state 34
    LLAB    shift, and go to state 35
    LVAR    shift, and go to state 36
    ';'     shift, and go to state 37

    line  go to state 351
    inst  go to state 39


state 233

    8 line: LVAR '=' expr . ';'
  178 expr: expr . '+' expr
  179     | expr . '-' expr
  180     | expr . '*' expr
  181     | expr . '/' expr
  182     | expr . '%' expr
  183     | expr . '<' '<' expr
  184     | expr . '>' '>' expr
  185     | expr . '&' expr
  186     | expr . '^' expr
  187     | expr . '|' expr

    '|'  shift, and go to state 246
    '^'  shift, and go to state 247
    '&'  shift, and go to state 248
    '<'  shift, and go to state 249
    '>'  shift, and go to state 250
    '+'  shift, and go to state 251
    '-'  shift, and go to state 252
    '*'  shift, and go to state 253
    '/'  shift, and go to state 254
    '%'  shift, and go to state 255
    ';'  shift, and go to state 352


state 234

  155 sreg: LR '(' con . ')'

    ')'  shift, and go to state 353


state 235

  146 creg: LCR '(' con . ')'

    ')'  shift, and go to state 354


state 236

  144 freg: LF '(' con . ')'

    ')'  shift, and go to state 355


state 237

  137 psr: LSPR '(' con . ')'

    ')'  shift, and go to state 356


state 238

  140 seg: LSEG '(' sreg . ')'

    ')'  shift, and go to state 357


state 239

  139 seg: LSEG '(' con . ')'

    ')'  shift, and go to state 358


state 240

  162 name: LNAME '<' '>' . offset '(' LSB ')'

    '+'  shift, and go to state 153
    '-'  shift, and go to state 154

    $default  reduce using rule 165 (offset)

    offset  go to state 359


state 241

  166 offset: '+' con .

    $default  reduce using rule 166 (offset)


state 242

  167 offset: '-' con .

    $default  reduce using rule 167 (offset)


state 243

  161 name: LNAME offset '(' . pointer ')'

    LSP  shift, and go to state 285
    LSB  shift, and go to state 286
    LFP  shift, and go to state 287

    pointer  go to state 360


state 244

  157 regaddr: '(' sreg '+' . sreg ')'

    LREG  shift, and go to state 45
    LR    shift, and go to state 47

    sreg  go to state 361


state 245

  156 regaddr: '(' sreg ')' .

    $default  reduce using rule 156 (regaddr)


state 246

  187 expr: expr '|' . expr

    '+'     shift, and go to state 41
    '-'     shift, and go to state 42
    LCONST  shift, and go to state 43
    LVAR    shift, and go to state 58
    '('     shift, and go to state 91
    '~'     shift, and go to state 61

    con   go to state 157
    expr  go to state 362


state 247

  186 expr: expr '^' . expr

    '+'     shift, and go to state 41
    '-'     shift, and go to state 42
    LCONST  shift, and go to state 43
    LVAR    shift, and go to state 58
    '('     shift, and go to state 91
    '~'     shift, and go to state 61

    con   go to state 157
    expr  go to state 363


state 248

  185 expr: expr '&' . expr

    '+'     shift, and go to state 41
    '-'     shift, and go to state 42
    LCONST  shift, and go to state 43
    LVAR    shift, and go to state 58
    '('     shift, and go to state 91
    '~'     shift, and go to state 61

    con   go to state 157
    expr  go to state 364


state 249

  183 expr: expr '<' . '<' expr

    '<'  shift, and go to state 365


state 250

  184 expr: expr '>' . '>' expr

    '>'  shift, and go to state 366


state 251

  178 expr: expr '+' . expr

    '+'     shift, and go to state 41
    '-'     shift, and go to state 42
    LCONST  shift, and go to state 43
    LVAR    shift, and go to state 58
    '('     shift, and go to state 91
    '~'     shift, and go to state 61

    con   go to state 157
    expr  go to state 367


state 252

  179 expr: expr '-' . expr

    '+'     shift, and go to state 41
    '-'     shift, and go to state 42
    LCONST  shift, and go to state 43
    LVAR    shift, and go to state 58
    '('     shift, and go to state 91
    '~'     shift, and go to state 61

    con   go to state 157
    expr  go to state 368


state 253

  180 expr: expr '*' . expr

    '+'     shift, and go to state 41
    '-'     shift, and go to state 42
    LCONST  shift, and go to state 43
    LVAR    shift, and go to state 58
    '('     shift, and go to state 91
    '~'     shift, and go to state 61

    con   go to state 157
    expr  go to state 369


state 254

  181 expr: expr '/' . expr

    '+'     shift, and go to state 41
    '-'     shift, and go to state 42
    LCONST  shift, and go to state 43
    LVAR    shift, and go to state 58
    '('     shift, and go to state 91
    '~'     shift, and go to state 61

    con   go to state 157
    expr  go to state 370


state 255

  182 expr: expr '%' . expr

    '+'     shift, and go to state 41
    '-'     shift, and go to state 42
    LCONST  shift, and go to state 43
    LVAR    shift, and go to state 58
    '('     shift, and go to state 91
    '~'     shift, and go to state 61

    con   go to state 157
    expr  go to state 371


state 256

  176 con: '(' expr ')' .

    $default  reduce using rule 176 (con)


state 257

   13 inst: LMOVW rreg ',' rreg .

    $default  reduce using rule 13 (inst)


state 258

   65 inst: LMOVW rreg ',' xlreg .

    $default  reduce using rule 65 (inst)


state 259

   39 inst: LMOVW rreg ',' lcr .

    $default  reduce using rule 39 (inst)


state 260

   67 inst: LMOVW rreg ',' psr .

    $default  reduce using rule 67 (inst)


state 261

   63 inst: LMOVW rreg ',' seg .

    $default  reduce using rule 63 (inst)


state 262

   38 inst: LMOVW rreg ',' creg .

    $default  reduce using rule 38 (inst)


state 263

   37 inst: LMOVW rreg ',' imm . ',' lcr

    ','  shift, and go to state 372


state 264

   26 inst: LMOVW rreg ',' regaddr .

    $default  reduce using rule 26 (inst)


state 265

   25 inst: LMOVW rreg ',' addr .

    $default  reduce using rule 25 (inst)


state 266

   64 inst: LMOVW xlreg ',' rreg .

    $default  reduce using rule 64 (inst)


state 267

   60 inst: LMOVW lcr ',' rreg .

    $default  reduce using rule 60 (inst)


state 268

   61 inst: LMOVW psr ',' rreg .

    $default  reduce using rule 61 (inst)


state 269

   59 inst: LMOVW psr ',' creg .

    $default  reduce using rule 59 (inst)


state 270

   62 inst: LMOVW seg ',' rreg .

    $default  reduce using rule 62 (inst)


state 271

   31 inst: LMOVW fpscr ',' freg .

    $default  reduce using rule 31 (inst)


state 272

   34 inst: LMOVW fpscr ',' creg .

    $default  reduce using rule 34 (inst)


state 273

   32 inst: LMOVW freg ',' fpscr .

    $default  reduce using rule 32 (inst)


state 274

   33 inst: LMOVW freg ',' imm . ',' fpscr

    ','  shift, and go to state 373


state 275

   30 inst: LMOVW freg ',' regaddr .

    $default  reduce using rule 30 (inst)


state 276

   29 inst: LMOVW freg ',' addr .

    $default  reduce using rule 29 (inst)


state 277

   66 inst: LMOVW creg ',' psr .

    $default  reduce using rule 66 (inst)


state 278

   58 inst: LMOVW creg ',' creg .

    $default  reduce using rule 58 (inst)


state 279

   55 inst: LMOVW ximm ',' rreg .

    $default  reduce using rule 55 (inst)


state 280

  142 fpscrf: LFPSCR . '(' con ')'

    '('  shift, and go to state 374


state 281

   54 inst: LMOVW imm ',' rreg .

    $default  reduce using rule 54 (inst)


state 282

   35 inst: LMOVW imm ',' fpscrf .

    $default  reduce using rule 35 (inst)


state 283

   15 inst: LMOVW regaddr ',' rreg .

    $default  reduce using rule 15 (inst)


state 284

   14 inst: LMOVW addr ',' rreg .

    $default  reduce using rule 14 (inst)


state 285

  169 pointer: LSP .

    $default  reduce using rule 169 (pointer)


state 286

  168 pointer: LSB .

    $default  reduce using rule 168 (pointer)


state 287

  170 pointer: LFP .

    $default  reduce using rule 170 (pointer)


state 288

  159 addr: con '(' sreg . ')'

    ')'  shift, and go to state 375


state 289

  160 name: con '(' pointer . ')'

    ')'  shift, and go to state 376


state 290

   16 inst: LMOVB rreg ',' rreg .

    $default  reduce using rule 16 (inst)


state 291

   28 inst: LMOVB rreg ',' regaddr .

    $default  reduce using rule 28 (inst)


state 292

   27 inst: LMOVB rreg ',' addr .

    $default  reduce using rule 27 (inst)


state 293

   18 inst: LMOVB regaddr ',' rreg .

    $default  reduce using rule 18 (inst)


state 294

   17 inst: LMOVB addr ',' rreg .

    $default  reduce using rule 17 (inst)


state 295

   51 inst: LABS rreg ',' rreg .

    $default  reduce using rule 51 (inst)


state 296

   46 inst: LLOGW rreg ',' rreg .

    $default  reduce using rule 46 (inst)


state 297

   45 inst: LLOGW rreg ',' sreg . ',' rreg
  129 rreg: sreg .

    ','  shift, and go to state 377

    $default  reduce using rule 129 (rreg)


state 298

   48 inst: LSHW rreg ',' rreg .

    $default  reduce using rule 48 (inst)


state 299

   47 inst: LSHW rreg ',' sreg . ',' rreg
  129 rreg: sreg .

    ','  shift, and go to state 378

    $default  reduce using rule 129 (rreg)


state 300

   50 inst: LSHW imm ',' rreg .

    $default  reduce using rule 50 (inst)


state 301

   49 inst: LSHW imm ',' sreg . ',' rreg
  129 rreg: sreg .

    ','  shift, and go to state 379

    $default  reduce using rule 129 (rreg)


state 302

   43 inst: LADDW rreg ',' rreg .

    $default  reduce using rule 43 (inst)


state 303

   42 inst: LADDW rreg ',' imm . ',' rreg

    ','  shift, and go to state 380


state 304

   40 inst: LADDW rreg ',' sreg . ',' rreg
  129 rreg: sreg .

    ','  shift, and go to state 381

    $default  reduce using rule 129 (rreg)


state 305

   44 inst: LADDW imm ',' rreg .

    $default  reduce using rule 44 (inst)


state 306

   41 inst: LADDW imm ',' sreg . ',' rreg
  129 rreg: sreg .

    ','  shift, and go to state 382

    $default  reduce using rule 129 (rreg)


state 307

   93 inst: LCMP rreg ',' rreg .
   95     | LCMP rreg ',' rreg . ',' creg

    ','  shift, and go to state 383

    $default  reduce using rule 93 (inst)


state 308

   94 inst: LCMP rreg ',' imm .
   96     | LCMP rreg ',' imm . ',' creg

    ','  shift, and go to state 384

    $default  reduce using rule 94 (inst)


state 309

   56 inst: LCROP cbit ',' cbit .

    $default  reduce using rule 56 (inst)


state 310

   57 inst: LCROP cbit ',' con . ',' cbit
  147 cbit: con .

    ','  shift, and go to state 385

    $default  reduce using rule 147 (cbit)


state 311

   73 inst: LBRA ',' '(' xlreg . ')'

    ')'  shift, and go to state 386


state 312

   70 inst: LBRA '(' xlreg ')' .

    $default  reduce using rule 70 (inst)


state 313

   76 inst: LBRA creg ',' '(' . xlreg ')'
  176 con: '(' . expr ')'

    '+'     shift, and go to state 41
    '-'     shift, and go to state 42
    LCONST  shift, and go to state 43
    LLR     shift, and go to state 51
    LCTR    shift, and go to state 52
    LVAR    shift, and go to state 58
    '('     shift, and go to state 91
    '~'     shift, and go to state 61

    xlreg  go to state 387
    lr     go to state 64
    ctr    go to state 66
    con    go to state 157
    expr   go to state 158


state 314

   74 inst: LBRA creg ',' rel .

    $default  reduce using rule 74 (inst)


state 315

   75 inst: LBRA creg ',' addr .

    $default  reduce using rule 75 (inst)


state 316

   79 inst: LBRA con ',' '(' . xlreg ')'
  176 con: '(' . expr ')'

    '+'     shift, and go to state 41
    '-'     shift, and go to state 42
    LCONST  shift, and go to state 43
    LLR     shift, and go to state 51
    LCTR    shift, and go to state 52
    LVAR    shift, and go to state 58
    '('     shift, and go to state 91
    '~'     shift, and go to state 61

    xlreg  go to state 388
    lr     go to state 64
    ctr    go to state 66
    con    go to state 157
    expr   go to state 158


state 317

   77 inst: LBRA con ',' rel .

    $default  reduce using rule 77 (inst)


state 318

   78 inst: LBRA con ',' addr .

    $default  reduce using rule 78 (inst)


state 319

   80 inst: LBRA con ',' con . ',' rel
   81     | LBRA con ',' con . ',' addr
   82     | LBRA con ',' con . ',' '(' xlreg ')'
  126 rel: con . '(' LPC ')'
  159 addr: con . '(' sreg ')'
  160 name: con . '(' pointer ')'

    ','  shift, and go to state 389
    '('  shift, and go to state 197


state 320

  126 rel: con '(' LPC . ')'

    ')'  shift, and go to state 390


state 321

  152 fimm: '$' '-' LFCONST .

    $default  reduce using rule 152 (fimm)


state 322

   22 inst: LFMOV freg ',' freg .

    $default  reduce using rule 22 (inst)


state 323

   24 inst: LFMOV freg ',' regaddr .

    $default  reduce using rule 24 (inst)


state 324

   23 inst: LFMOV freg ',' addr .

    $default  reduce using rule 23 (inst)


state 325

   21 inst: LFMOV fimm ',' freg .

    $default  reduce using rule 21 (inst)


state 326

   20 inst: LFMOV regaddr ',' freg .

    $default  reduce using rule 20 (inst)


state 327

   19 inst: LFMOV addr ',' freg .

    $default  reduce using rule 19 (inst)


state 328

   87 inst: LFCONV freg ',' freg .

    $default  reduce using rule 87 (inst)


state 329

   91 inst: LFCMP freg ',' freg .
   92     | LFCMP freg ',' freg . ',' creg

    ','  shift, and go to state 391

    $default  reduce using rule 91 (inst)


state 330

   88 inst: LFADD freg ',' freg .
   89     | LFADD freg ',' freg . ',' freg

    ','  shift, and go to state 392

    $default  reduce using rule 88 (inst)


state 331

   90 inst: LFMA freg ',' freg . ',' freg ',' freg

    ','  shift, and go to state 393


state 332

   83 inst: LTRAP rreg ',' sreg .

    $default  reduce using rule 83 (inst)


state 333

   84 inst: LTRAP imm ',' sreg .

    $default  reduce using rule 84 (inst)


state 334

  118 inst: LTEXT name ',' imm .
  120     | LTEXT name ',' imm . ':' imm

    ':'  shift, and go to state 394

    $default  reduce using rule 118 (inst)


state 335

  119 inst: LTEXT name ',' con . ',' imm
  121     | LTEXT name ',' con . ',' imm ':' imm

    ','  shift, and go to state 395


state 336

  122 inst: LDATA name '/' con . ',' imm
  123     | LDATA name '/' con . ',' ximm
  124     | LDATA name '/' con . ',' fimm

    ','  shift, and go to state 396


state 337

  103 inst: LXLD regaddr ',' rreg .

    $default  reduce using rule 103 (inst)


state 338

  104 inst: LXLD regaddr ',' imm . ',' rreg

    ','  shift, and go to state 397


state 339

  106 inst: LXST rreg ',' imm . ',' regaddr

    ','  shift, and go to state 398


state 340

  105 inst: LXST rreg ',' regaddr .

    $default  reduce using rule 105 (inst)


state 341

  108 inst: LXMV rreg ',' regaddr .

    $default  reduce using rule 108 (inst)


state 342

  107 inst: LXMV regaddr ',' rreg .

    $default  reduce using rule 107 (inst)


state 343

   99 inst: LRLWM rreg ',' rreg . ',' imm ',' rreg
  100     | LRLWM rreg ',' rreg . ',' mask ',' rreg

    ','  shift, and go to state 399


state 344

   97 inst: LRLWM imm ',' rreg . ',' imm ',' rreg
   98     | LRLWM imm ',' rreg . ',' mask ',' rreg

    ','  shift, and go to state 400


state 345

  102 inst: LMOVMW rreg ',' addr .

    $default  reduce using rule 102 (inst)


state 346

  101 inst: LMOVMW addr ',' rreg .

    $default  reduce using rule 101 (inst)


state 347

   36 inst: LMTFSB imm ',' con .

    $default  reduce using rule 36 (inst)


state 348

   53 inst: LMA rreg ',' sreg . ',' rreg

    ','  shift, and go to state 401


state 349

    6 line: LNAME ':' $@2 line .

    $default  reduce using rule 6 (line)


state 350

    7 line: LNAME '=' expr ';' .

    $default  reduce using rule 7 (line)


state 351

    4 line: LLAB ':' $@1 line .

    $default  reduce using rule 4 (line)


state 352

    8 line: LVAR '=' expr ';' .

    $default  reduce using rule 8 (line)


state 353

  155 sreg: LR '(' con ')' .

    $default  reduce using rule 155 (sreg)


state 354

  146 creg: LCR '(' con ')' .

    $default  reduce using rule 146 (creg)


state 355

  144 freg: LF '(' con ')' .

    $default  reduce using rule 144 (freg)


state 356

  137 psr: LSPR '(' con ')' .

    $default  reduce using rule 137 (psr)


state 357

  140 seg: LSEG '(' sreg ')' .

    $default  reduce using rule 140 (seg)


state 358

  139 seg: LSEG '(' con ')' .

    $default  reduce using rule 139 (seg)


state 359

  162 name: LNAME '<' '>' offset . '(' LSB ')'

    '('  shift, and go to state 402


state 360

  161 name: LNAME offset '(' pointer . ')'

    ')'  shift, and go to state 403


state 361

  157 regaddr: '(' sreg '+' sreg . ')'

    ')'  shift, and go to state 404


state 362

  178 expr: expr . '+' expr
  179     | expr . '-' expr
  180     | expr . '*' expr
  181     | expr . '/' expr
  182     | expr . '%' expr
  183     | expr . '<' '<' expr
  184     | expr . '>' '>' expr
  185     | expr . '&' expr
  186     | expr . '^' expr
  187     | expr . '|' expr
  187     | expr '|' expr .

    '^'  shift, and go to state 247
    '&'  shift, and go to state 248
    '<'  shift, and go to state 249
    '>'  shift, and go to state 250
    '+'  shift, and go to state 251
    '-'  shift, and go to state 252
    '*'  shift, and go to state 253
    '/'  shift, and go to state 254
    '%'  shift, and go to state 255

    $default  reduce using rule 187 (expr)


state 363

  178 expr: expr . '+' expr
  179     | expr . '-' expr
  180     | expr . '*' expr
  181     | expr . '/' expr
  182     | expr . '%' expr
  183     | expr . '<' '<' expr
  184     | expr . '>' '>' expr
  185     | expr . '&' expr
  186     | expr . '^' expr
  186     | expr '^' expr .
  187     | expr . '|' expr

    '&'  shift, and go to state 248
    '<'  shift, and go to state 249
    '>'  shift, and go to state 250
    '+'  shift, and go to state 251
    '-'  shift, and go to state 252
    '*'  shift, and go to state 253
    '/'  shift, and go to state 254
    '%'  shift, and go to state 255

    $default  reduce using rule 186 (expr)


state 364

  178 expr: expr . '+' expr
  179     | expr . '-' expr
  180     | expr . '*' expr
  181     | expr . '/' expr
  182     | expr . '%' expr
  183     | expr . '<' '<' expr
  184     | expr . '>' '>' expr
  185     | expr . '&' expr
  185     | expr '&' expr .
  186     | expr . '^' expr
  187     | expr . '|' expr

    '<'  shift, and go to state 249
    '>'  shift, and go to state 250
    '+'  shift, and go to state 251
    '-'  shift, and go to state 252
    '*'  shift, and go to state 253
    '/'  shift, and go to state 254
    '%'  shift, and go to state 255

    $default  reduce using rule 185 (expr)


state 365

  183 expr: expr '<' '<' . expr

    '+'     shift, and go to state 41
    '-'     shift, and go to state 42
    LCONST  shift, and go to state 43
    LVAR    shift, and go to state 58
    '('     shift, and go to state 91
    '~'     shift, and go to state 61

    con   go to state 157
    expr  go to state 405


state 366

  184 expr: expr '>' '>' . expr

    '+'     shift, and go to state 41
    '-'     shift, and go to state 42
    LCONST  shift, and go to state 43
    LVAR    shift, and go to state 58
    '('     shift, and go to state 91
    '~'     shift, and go to state 61

    con   go to state 157
    expr  go to state 406


state 367

  178 expr: expr . '+' expr
  178     | expr '+' expr .
  179     | expr . '-' expr
  180     | expr . '*' expr
  181     | expr . '/' expr
  182     | expr . '%' expr
  183     | expr . '<' '<' expr
  184     | expr . '>' '>' expr
  185     | expr . '&' expr
  186     | expr . '^' expr
  187     | expr . '|' expr

    '*'  shift, and go to state 253
    '/'  shift, and go to state 254
    '%'  shift, and go to state 255

    $default  reduce using rule 178 (expr)


state 368

  178 expr: expr . '+' expr
  179     | expr . '-' expr
  179     | expr '-' expr .
  180     | expr . '*' expr
  181     | expr . '/' expr
  182     | expr . '%' expr
  183     | expr . '<' '<' expr
  184     | expr . '>' '>' expr
  185     | expr . '&' expr
  186     | expr . '^' expr
  187     | expr . '|' expr

    '*'  shift, and go to state 253
    '/'  shift, and go to state 254
    '%'  shift, and go to state 255

    $default  reduce using rule 179 (expr)


state 369

  178 expr: expr . '+' expr
  179     | expr . '-' expr
  180     | expr . '*' expr
  180     | expr '*' expr .
  181     | expr . '/' expr
  182     | expr . '%' expr
  183     | expr . '<' '<' expr
  184     | expr . '>' '>' expr
  185     | expr . '&' expr
  186     | expr . '^' expr
  187     | expr . '|' expr

    $default  reduce using rule 180 (expr)


state 370

  178 expr: expr . '+' expr
  179     | expr . '-' expr
  180     | expr . '*' expr
  181     | expr . '/' expr
  181     | expr '/' expr .
  182     | expr . '%' expr
  183     | expr . '<' '<' expr
  184     | expr . '>' '>' expr
  185     | expr . '&' expr
  186     | expr . '^' expr
  187     | expr . '|' expr

    $default  reduce using rule 181 (expr)


state 371

  178 expr: expr . '+' expr
  179     | expr . '-' expr
  180     | expr . '*' expr
  181     | expr . '/' expr
  182     | expr . '%' expr
  182     | expr '%' expr .
  183     | expr . '<' '<' expr
  184     | expr . '>' '>' expr
  185     | expr . '&' expr
  186     | expr . '^' expr
  187     | expr . '|' expr

    $default  reduce using rule 182 (expr)


state 372

   37 inst: LMOVW rreg ',' imm ',' . lcr

    LCR  shift, and go to state 407

    lcr  go to state 408


state 373

   33 inst: LMOVW freg ',' imm ',' . fpscr

    LFPSCR  shift, and go to state 50

    fpscr  go to state 409


state 374

  142 fpscrf: LFPSCR '(' . con ')'

    '+'     shift, and go to state 41
    '-'     shift, and go to state 42
    LCONST  shift, and go to state 43
    LVAR    shift, and go to state 58
    '('     shift, and go to state 91
    '~'     shift, and go to state 61

    con  go to state 410


state 375

  159 addr: con '(' sreg ')' .

    $default  reduce using rule 159 (addr)


state 376

  160 name: con '(' pointer ')' .

    $default  reduce using rule 160 (name)


state 377

   45 inst: LLOGW rreg ',' sreg ',' . rreg

    LREG  shift, and go to state 45
    LR    shift, and go to state 47

    rreg  go to state 411
    sreg  go to state 75


state 378

   47 inst: LSHW rreg ',' sreg ',' . rreg

    LREG  shift, and go to state 45
    LR    shift, and go to state 47

    rreg  go to state 412
    sreg  go to state 75


state 379

   49 inst: LSHW imm ',' sreg ',' . rreg

    LREG  shift, and go to state 45
    LR    shift, and go to state 47

    rreg  go to state 413
    sreg  go to state 75


state 380

   42 inst: LADDW rreg ',' imm ',' . rreg

    LREG  shift, and go to state 45
    LR    shift, and go to state 47

    rreg  go to state 414
    sreg  go to state 75


state 381

   40 inst: LADDW rreg ',' sreg ',' . rreg

    LREG  shift, and go to state 45
    LR    shift, and go to state 47

    rreg  go to state 415
    sreg  go to state 75


state 382

   41 inst: LADDW imm ',' sreg ',' . rreg

    LREG  shift, and go to state 45
    LR    shift, and go to state 47

    rreg  go to state 416
    sreg  go to state 75


state 383

   95 inst: LCMP rreg ',' rreg ',' . creg

    LCREG  shift, and go to state 44
    LCR    shift, and go to state 94

    creg  go to state 417


state 384

   96 inst: LCMP rreg ',' imm ',' . creg

    LCREG  shift, and go to state 44
    LCR    shift, and go to state 94

    creg  go to state 418


state 385

   57 inst: LCROP cbit ',' con ',' . cbit

    '+'     shift, and go to state 41
    '-'     shift, and go to state 42
    LCONST  shift, and go to state 43
    LVAR    shift, and go to state 58
    '('     shift, and go to state 91
    '~'     shift, and go to state 61

    cbit  go to state 419
    con   go to state 93


state 386

   73 inst: LBRA ',' '(' xlreg ')' .

    $default  reduce using rule 73 (inst)


state 387

   76 inst: LBRA creg ',' '(' xlreg . ')'

    ')'  shift, and go to state 420


state 388

   79 inst: LBRA con ',' '(' xlreg . ')'

    ')'  shift, and go to state 421


state 389

   80 inst: LBRA con ',' con ',' . rel
   81     | LBRA con ',' con ',' . addr
   82     | LBRA con ',' con ',' . '(' xlreg ')'

    '+'     shift, and go to state 41
    '-'     shift, and go to state 42
    LCONST  shift, and go to state 43
    LNAME   shift, and go to state 95
    LLAB    shift, and go to state 96
    LVAR    shift, and go to state 58
    '('     shift, and go to state 422
    '~'     shift, and go to state 61

    rel   go to state 423
    addr  go to state 424
    name  go to state 78
    con   go to state 193


state 390

  126 rel: con '(' LPC ')' .

    $default  reduce using rule 126 (rel)


state 391

   92 inst: LFCMP freg ',' freg ',' . creg

    LCREG  shift, and go to state 44
    LCR    shift, and go to state 94

    creg  go to state 425


state 392

   89 inst: LFADD freg ',' freg ',' . freg

    LFREG  shift, and go to state 46
    LF     shift, and go to state 49

    freg  go to state 426


state 393

   90 inst: LFMA freg ',' freg ',' . freg ',' freg

    LFREG  shift, and go to state 46
    LF     shift, and go to state 49

    freg  go to state 427


state 394

  120 inst: LTEXT name ',' imm ':' . imm

    '$'  shift, and go to state 85

    imm  go to state 428


state 395

  119 inst: LTEXT name ',' con ',' . imm
  121     | LTEXT name ',' con ',' . imm ':' imm

    '$'  shift, and go to state 85

    imm  go to state 429


state 396

  122 inst: LDATA name '/' con ',' . imm
  123     | LDATA name '/' con ',' . ximm
  124     | LDATA name '/' con ',' . fimm

    '$'  shift, and go to state 430

    ximm  go to state 431
    fimm  go to state 432
    imm   go to state 433


state 397

  104 inst: LXLD regaddr ',' imm ',' . rreg

    LREG  shift, and go to state 45
    LR    shift, and go to state 47

    rreg  go to state 434
    sreg  go to state 75


state 398

  106 inst: LXST rreg ',' imm ',' . regaddr

    '('  shift, and go to state 128

    regaddr  go to state 435


state 399

   99 inst: LRLWM rreg ',' rreg ',' . imm ',' rreg
  100     | LRLWM rreg ',' rreg ',' . mask ',' rreg

    '+'     shift, and go to state 41
    '-'     shift, and go to state 42
    LCONST  shift, and go to state 43
    LVAR    shift, and go to state 58
    '('     shift, and go to state 91
    '$'     shift, and go to state 85
    '~'     shift, and go to state 61

    mask  go to state 436
    imm   go to state 437
    con   go to state 438


state 400

   97 inst: LRLWM imm ',' rreg ',' . imm ',' rreg
   98     | LRLWM imm ',' rreg ',' . mask ',' rreg

    '+'     shift, and go to state 41
    '-'     shift, and go to state 42
    LCONST  shift, and go to state 43
    LVAR    shift, and go to state 58
    '('     shift, and go to state 91
    '$'     shift, and go to state 85
    '~'     shift, and go to state 61

    mask  go to state 439
    imm   go to state 440
    con   go to state 438


state 401

   53 inst: LMA rreg ',' sreg ',' . rreg

    LREG  shift, and go to state 45
    LR    shift, and go to state 47

    rreg  go to state 441
    sreg  go to state 75


state 402

  162 name: LNAME '<' '>' offset '(' . LSB ')'

    LSB  shift, and go to state 442


state 403

  161 name: LNAME offset '(' pointer ')' .

    $default  reduce using rule 161 (name)


state 404

  157 regaddr: '(' sreg '+' sreg ')' .

    $default  reduce using rule 157 (regaddr)


state 405

  178 expr: expr . '+' expr
  179     | expr . '-' expr
  180     | expr . '*' expr
  181     | expr . '/' expr
  182     | expr . '%' expr
  183     | expr . '<' '<' expr
  183     | expr '<' '<' expr .
  184     | expr . '>' '>' expr
  185     | expr . '&' expr
  186     | expr . '^' expr
  187     | expr . '|' expr

    '+'  shift, and go to state 251
    '-'  shift, and go to state 252
    '*'  shift, and go to state 253
    '/'  shift, and go to state 254
    '%'  shift, and go to state 255

    $default  reduce using rule 183 (expr)


state 406

  178 expr: expr . '+' expr
  179     | expr . '-' expr
  180     | expr . '*' expr
  181     | expr . '/' expr
  182     | expr . '%' expr
  183     | expr . '<' '<' expr
  184     | expr . '>' '>' expr
  184     | expr '>' '>' expr .
  185     | expr . '&' expr
  186     | expr . '^' expr
  187     | expr . '|' expr

    '+'  shift, and go to state 251
    '-'  shift, and go to state 252
    '*'  shift, and go to state 253
    '/'  shift, and go to state 254
    '%'  shift, and go to state 255

    $default  reduce using rule 184 (expr)


state 407

  133 lcr: LCR .

    $default  reduce using rule 133 (lcr)


state 408

   37 inst: LMOVW rreg ',' imm ',' lcr .

    $default  reduce using rule 37 (inst)


state 409

   33 inst: LMOVW freg ',' imm ',' fpscr .

    $default  reduce using rule 33 (inst)


state 410

  142 fpscrf: LFPSCR '(' con . ')'

    ')'  shift, and go to state 443


state 411

   45 inst: LLOGW rreg ',' sreg ',' rreg .

    $default  reduce using rule 45 (inst)


state 412

   47 inst: LSHW rreg ',' sreg ',' rreg .

    $default  reduce using rule 47 (inst)


state 413

   49 inst: LSHW imm ',' sreg ',' rreg .

    $default  reduce using rule 49 (inst)


state 414

   42 inst: LADDW rreg ',' imm ',' rreg .

    $default  reduce using rule 42 (inst)


state 415

   40 inst: LADDW rreg ',' sreg ',' rreg .

    $default  reduce using rule 40 (inst)


state 416

   41 inst: LADDW imm ',' sreg ',' rreg .

    $default  reduce using rule 41 (inst)


state 417

   95 inst: LCMP rreg ',' rreg ',' creg .

    $default  reduce using rule 95 (inst)


state 418

   96 inst: LCMP rreg ',' imm ',' creg .

    $default  reduce using rule 96 (inst)


state 419

   57 inst: LCROP cbit ',' con ',' cbit .

    $default  reduce using rule 57 (inst)


state 420

   76 inst: LBRA creg ',' '(' xlreg ')' .

    $default  reduce using rule 76 (inst)


state 421

   79 inst: LBRA con ',' '(' xlreg ')' .

    $default  reduce using rule 79 (inst)


state 422

   82 inst: LBRA con ',' con ',' '(' . xlreg ')'
  176 con: '(' . expr ')'

    '+'     shift, and go to state 41
    '-'     shift, and go to state 42
    LCONST  shift, and go to state 43
    LLR     shift, and go to state 51
    LCTR    shift, and go to state 52
    LVAR    shift, and go to state 58
    '('     shift, and go to state 91
    '~'     shift, and go to state 61

    xlreg  go to state 444
    lr     go to state 64
    ctr    go to state 66
    con    go to state 157
    expr   go to state 158


state 423

   80 inst: LBRA con ',' con ',' rel .

    $default  reduce using rule 80 (inst)


state 424

   81 inst: LBRA con ',' con ',' addr .

    $default  reduce using rule 81 (inst)


state 425

   92 inst: LFCMP freg ',' freg ',' creg .

    $default  reduce using rule 92 (inst)


state 426

   89 inst: LFADD freg ',' freg ',' freg .

    $default  reduce using rule 89 (inst)


state 427

   90 inst: LFMA freg ',' freg ',' freg . ',' freg

    ','  shift, and go to state 445


state 428

  120 inst: LTEXT name ',' imm ':' imm .

    $default  reduce using rule 120 (inst)


state 429

  119 inst: LTEXT name ',' con ',' imm .
  121     | LTEXT name ',' con ',' imm . ':' imm

    ':'  shift, and go to state 446

    $default  reduce using rule 119 (inst)


state 430

  149 ximm: '$' . addr
  150     | '$' . LSCONST
  151 fimm: '$' . LFCONST
  152     | '$' . '-' LFCONST
  153 imm: '$' . con

    '+'      shift, and go to state 41
    '-'      shift, and go to state 447
    LCONST   shift, and go to state 43
    LFCONST  shift, and go to state 199
    LSCONST  shift, and go to state 159
    LNAME    shift, and go to state 57
    LVAR     shift, and go to state 58
    '('      shift, and go to state 91
    '~'      shift, and go to state 61

    addr  go to state 160
    name  go to state 78
    con   go to state 161


state 431

  123 inst: LDATA name '/' con ',' ximm .

    $default  reduce using rule 123 (inst)


state 432

  124 inst: LDATA name '/' con ',' fimm .

    $default  reduce using rule 124 (inst)


state 433

  122 inst: LDATA name '/' con ',' imm .

    $default  reduce using rule 122 (inst)


state 434

  104 inst: LXLD regaddr ',' imm ',' rreg .

    $default  reduce using rule 104 (inst)


state 435

  106 inst: LXST rreg ',' imm ',' regaddr .

    $default  reduce using rule 106 (inst)


state 436

  100 inst: LRLWM rreg ',' rreg ',' mask . ',' rreg

    ','  shift, and go to state 448


state 437

   99 inst: LRLWM rreg ',' rreg ',' imm . ',' rreg

    ','  shift, and go to state 449


state 438

  148 mask: con . ',' con

    ','  shift, and go to state 450


state 439

   98 inst: LRLWM imm ',' rreg ',' mask . ',' rreg

    ','  shift, and go to state 451


state 440

   97 inst: LRLWM imm ',' rreg ',' imm . ',' rreg

    ','  shift, and go to state 452


state 441

   53 inst: LMA rreg ',' sreg ',' rreg .

    $default  reduce using rule 53 (inst)


state 442

  162 name: LNAME '<' '>' offset '(' LSB . ')'

    ')'  shift, and go to state 453


state 443

  142 fpscrf: LFPSCR '(' con ')' .

    $default  reduce using rule 142 (fpscrf)


state 444

   82 inst: LBRA con ',' con ',' '(' xlreg . ')'

    ')'  shift, and go to state 454


state 445

   90 inst: LFMA freg ',' freg ',' freg ',' . freg

    LFREG  shift, and go to state 46
    LF     shift, and go to state 49

    freg  go to state 455


state 446

  121 inst: LTEXT name ',' con ',' imm ':' . imm

    '$'  shift, and go to state 85

    imm  go to state 456


state 447

  152 fimm: '$' '-' . LFCONST
  173 con: '-' . con

    '+'      shift, and go to state 41
    '-'      shift, and go to state 42
    LCONST   shift, and go to state 43
    LFCONST  shift, and go to state 321
    LVAR     shift, and go to state 58
    '('      shift, and go to state 91
    '~'      shift, and go to state 61

    con  go to state 146


state 448

  100 inst: LRLWM rreg ',' rreg ',' mask ',' . rreg

    LREG  shift, and go to state 45
    LR    shift, and go to state 47

    rreg  go to state 457
    sreg  go to state 75


state 449

   99 inst: LRLWM rreg ',' rreg ',' imm ',' . rreg

    LREG  shift, and go to state 45
    LR    shift, and go to state 47

    rreg  go to state 458
    sreg  go to state 75


state 450

  148 mask: con ',' . con

    '+'     shift, and go to state 41
    '-'     shift, and go to state 42
    LCONST  shift, and go to state 43
    LVAR    shift, and go to state 58
    '('     shift, and go to state 91
    '~'     shift, and go to state 61

    con  go to state 459


state 451

   98 inst: LRLWM imm ',' rreg ',' mask ',' . rreg

    LREG  shift, and go to state 45
    LR    shift, and go to state 47

    rreg  go to state 460
    sreg  go to state 75


state 452

   97 inst: LRLWM imm ',' rreg ',' imm ',' . rreg

    LREG  shift, and go to state 45
    LR    shift, and go to state 47

    rreg  go to state 461
    sreg  go to state 75


state 453

  162 name: LNAME '<' '>' offset '(' LSB ')' .

    $default  reduce using rule 162 (name)


state 454

   82 inst: LBRA con ',' con ',' '(' xlreg ')' .

    $default  reduce using rule 82 (inst)


state 455

   90 inst: LFMA freg ',' freg ',' freg ',' freg .

    $default  reduce using rule 90 (inst)


state 456

  121 inst: LTEXT name ',' con ',' imm ':' imm .

    $default  reduce using rule 121 (inst)


state 457

  100 inst: LRLWM rreg ',' rreg ',' mask ',' rreg .

    $default  reduce using rule 100 (inst)


state 458

   99 inst: LRLWM rreg ',' rreg ',' imm ',' rreg .

    $default  reduce using rule 99 (inst)


state 459

  148 mask: con ',' con .

    $default  reduce using rule 148 (mask)


state 460

   98 inst: LRLWM imm ',' rreg ',' mask ',' rreg .

    $default  reduce using rule 98 (inst)


state 461

   97 inst: LRLWM imm ',' rreg ',' imm ',' rreg .

    $default  reduce using rule 97 (inst)
